TN:
SF:src/main/js/analyze.js
FN:6,analyze
FN:28,getPkgCommits
FN:42,getSemanticChanges
FN:48,analyzeCommits
FN:70,getNextReleaseType
FN:74,getNextVersion
FN:80,resolvePkgVersion
FNF:7
FNH:7
FNDA:6,analyze
FNDA:8,getPkgCommits
FNDA:6,getSemanticChanges
FNDA:7,analyzeCommits
FNDA:6,getNextReleaseType
FNDA:5,getNextVersion
FNDA:6,resolvePkgVersion
DA:1,1
DA:2,1
DA:3,1
DA:4,1
DA:5,1
DA:6,1
DA:7,6
DA:8,6
DA:9,6
DA:10,6
DA:11,6
DA:12,6
DA:13,6
DA:14,6
DA:15,6
DA:16,6
DA:17,6
DA:18,6
DA:19,6
DA:20,1
DA:21,1
DA:22,1
DA:23,1
DA:24,1
DA:25,1
DA:26,1
DA:27,1
DA:28,1
DA:29,8
DA:30,8
DA:31,8
DA:32,8
DA:33,8
DA:34,8
DA:35,8
DA:36,8
DA:37,12
DA:38,12
DA:39,8
DA:40,8
DA:41,1
DA:42,1
DA:43,6
DA:44,6
DA:45,6
DA:46,6
DA:47,1
DA:48,1
DA:49,7
DA:50,11
DA:51,33
DA:52,33
DA:53,33
DA:54,33
DA:55,33
DA:56,11
DA:57,11
DA:58,11
DA:59,11
DA:60,11
DA:61,11
DA:62,11
DA:63,11
DA:64,11
DA:65,11
DA:66,11
DA:67,11
DA:68,7
DA:69,1
DA:70,1
DA:71,6
DA:72,6
DA:73,1
DA:74,1
DA:75,5
DA:76,3
DA:77,3
DA:78,5
DA:79,1
DA:80,1
DA:81,6
DA:82,6
DA:83,6
LF:83
LH:83
BRDA:1,0,0,1
BRDA:6,1,0,6
BRDA:7,2,0,4
BRDA:14,3,0,4
BRDA:14,4,0,2
BRDA:16,5,0,5
BRDA:16,6,0,1
BRDA:28,7,0,8
BRDA:28,8,0,8
BRDA:29,9,0,6
BRDA:29,10,0,2
BRDA:36,11,0,12
BRDA:37,12,0,48
BRDA:42,13,0,6
BRDA:48,14,0,7
BRDA:49,15,0,11
BRDA:50,16,0,33
BRDA:51,17,0,22
BRDA:52,18,0,11
BRDA:53,19,0,21
BRDA:53,20,0,23
BRDA:53,21,0,13
BRDA:55,22,0,11
BRDA:70,23,0,6
BRDA:71,24,0,5
BRDA:72,25,0,1
BRDA:71,26,0,12
BRDA:71,27,0,18
BRDA:74,28,0,5
BRDA:75,29,0,2
BRDA:76,30,0,3
BRDA:80,31,0,6
BRDA:82,32,0,5
BRDA:83,33,0,1
BRDA:83,34,0,0
BRF:35
BRH:34
end_of_record
TN:
SF:src/main/js/build.js
FN:5,build
FNF:1
FNH:1
FNDA:8,build
DA:1,1
DA:2,1
DA:3,1
DA:4,1
DA:5,1
DA:6,8
DA:7,6
DA:8,6
DA:9,6
DA:10,6
DA:11,6
DA:12,8
DA:13,1
DA:14,1
DA:15,6
DA:16,8
DA:17,5
DA:18,5
DA:19,6
DA:20,6
DA:21,6
DA:22,8
LF:22
LH:22
BRDA:1,0,0,1
BRDA:5,1,0,8
BRDA:6,2,0,2
BRDA:7,3,0,6
BRDA:12,4,0,1
BRDA:12,5,0,1
BRDA:15,6,0,6
BRDA:16,7,0,5
BRDA:16,8,0,5
BRDA:19,9,0,6
BRDA:8,10,0,3
BRF:11
BRH:11
end_of_record
TN:
SF:src/main/js/config.js
FN:25,getConfig
FN:30,normalizeConfig
FN:36,parseEnv
FN:50,camelize
FN:51,normalizeFlags
FNF:5
FNH:3
FNDA:6,getConfig
FNDA:6,normalizeConfig
FNDA:24,parseEnv
FNDA:0,camelize
FNDA:0,normalizeFlags
DA:1,1
DA:2,1
DA:3,1
DA:4,1
DA:5,1
DA:6,1
DA:7,1
DA:8,1
DA:9,1
DA:10,1
DA:11,1
DA:12,1
DA:13,1
DA:14,1
DA:15,1
DA:16,1
DA:17,1
DA:18,1
DA:19,1
DA:20,1
DA:21,1
DA:22,1
DA:23,1
DA:24,1
DA:25,1
DA:26,6
DA:27,6
DA:28,6
DA:29,1
DA:30,1
DA:31,6
DA:32,6
DA:33,6
DA:34,6
DA:35,1
DA:36,1
DA:37,24
DA:38,24
DA:39,24
DA:40,24
DA:41,24
DA:42,24
DA:43,24
DA:44,24
DA:45,24
DA:46,24
DA:47,24
DA:48,24
DA:49,1
DA:50,1
DA:51,1
LF:51
LH:51
BRDA:1,0,0,1
BRDA:25,1,0,6
BRDA:28,2,0,0
BRDA:27,3,0,12
BRDA:27,4,0,12
BRDA:27,5,0,6
BRDA:30,6,0,6
BRDA:32,7,0,0
BRDA:33,8,0,0
BRDA:33,9,0,0
BRDA:36,10,0,24
BRDA:44,11,0,0
BRF:12
BRH:7
end_of_record
TN:
SF:src/main/js/contextify.js
FN:7,contextify
FNF:1
FNH:1
FNDA:6,contextify
DA:1,1
DA:2,1
DA:3,1
DA:4,1
DA:5,1
DA:6,1
DA:7,1
DA:8,6
DA:9,6
DA:10,6
DA:11,6
DA:12,6
DA:13,6
DA:14,6
DA:15,6
DA:16,6
DA:17,6
DA:18,6
LF:18
LH:18
BRDA:1,0,0,1
BRDA:7,1,0,6
BRF:2
BRH:2
end_of_record
TN:
SF:src/main/js/deps.js
FN:5,traverseDeps
FN:20,updateDeps
FN:44,resolveNextVersion
FN:55,subsWorkspace
FNF:4
FNH:4
FNDA:12,traverseDeps
FNDA:6,updateDeps
FNDA:18,resolveNextVersion
FNDA:18,subsWorkspace
DA:1,1
DA:2,1
DA:3,1
DA:4,1
DA:5,1
DA:6,12
DA:7,12
DA:8,12
DA:9,48
DA:10,48
DA:11,6
DA:12,6
DA:13,6
DA:14,6
DA:15,6
DA:16,6
DA:17,6
DA:18,12
DA:19,1
DA:20,1
DA:21,6
DA:22,6
DA:23,6
DA:24,3
DA:25,3
DA:26,3
DA:27,3
DA:28,3
DA:29,3
DA:30,3
DA:31,3
DA:32,3
DA:33,2
DA:34,2
DA:35,2
DA:36,2
DA:37,2
DA:38,2
DA:39,6
DA:40,6
DA:41,6
DA:42,6
DA:43,1
DA:44,1
DA:45,18
DA:46,17
DA:47,17
DA:48,17
DA:49,17
DA:50,18
DA:51,13
DA:52,18
DA:53,18
DA:54,1
DA:55,1
DA:56,18
DA:57,9
DA:58,9
DA:59,9
DA:60,9
DA:61,9
DA:62,9
DA:63,9
DA:64,9
DA:65,18
LF:65
LH:65
BRDA:1,0,0,1
BRDA:5,1,0,12
BRDA:8,2,0,48
BRDA:10,3,0,42
BRDA:11,4,0,6
BRDA:13,5,0,0
BRDA:20,6,0,6
BRDA:23,7,0,3
BRDA:24,8,0,1
BRDA:27,9,0,1
BRDA:32,10,0,1
BRDA:33,11,0,2
BRDA:44,12,0,18
BRDA:45,13,0,1
BRDA:46,14,0,17
BRDA:50,15,0,4
BRDA:50,16,0,1
BRDA:50,17,0,3
BRDA:51,18,0,13
BRDA:52,19,0,4
BRDA:52,20,0,9
BRDA:55,21,0,18
BRDA:56,22,0,9
BRDA:60,23,0,6
BRDA:60,24,0,2
BRDA:60,25,0,4
BRDA:61,26,0,3
BRF:27
BRH:26
end_of_record
TN:
SF:src/main/js/index.js
FNF:0
FNH:0
DA:1,1
LF:1
LH:1
BRDA:1,0,0,1
BRF:1
BRH:1
end_of_record
TN:
SF:src/main/js/log.js
FN:3,log
FNF:1
FNH:1
FNDA:43,log
DA:1,1
DA:2,1
DA:3,1
DA:4,43
DA:5,42
DA:6,42
DA:7,1
DA:8,1
DA:9,43
LF:9
LH:9
BRDA:1,0,0,1
BRDA:3,1,0,43
BRDA:4,2,0,42
BRDA:7,3,0,1
BRF:4
BRH:4
end_of_record
TN:
SF:src/main/js/npm.js
FN:5,fetchPkg
FN:22,fetchManifest
FN:38,npmPublish
FN:53,getTarballUrl
FN:55,getManifestUrl
FN:57,getBearerToken
FN:65,getAuthToken
FNF:7
FNH:6
FNDA:2,fetchPkg
FNDA:6,fetchManifest
FNDA:3,npmPublish
FNDA:2,getTarballUrl
FNDA:6,getManifestUrl
FNDA:8,getBearerToken
FNDA:0,getAuthToken
DA:1,1
DA:2,1
DA:3,1
DA:4,1
DA:5,1
DA:6,2
DA:7,2
DA:8,2
DA:9,2
DA:10,2
DA:11,2
DA:12,2
DA:13,2
DA:14,2
DA:15,2
DA:16,2
DA:17,2
DA:18,0
DA:19,0
DA:20,2
DA:21,1
DA:22,1
DA:23,6
DA:24,6
DA:25,6
DA:26,6
DA:27,6
DA:28,6
DA:29,6
DA:30,1
DA:31,1
DA:32,6
DA:33,5
DA:34,0
DA:35,0
DA:36,6
DA:37,1
DA:38,1
DA:39,3
DA:40,3
DA:41,3
DA:42,3
DA:43,3
DA:44,3
DA:45,3
DA:46,3
DA:47,3
DA:48,3
DA:49,3
DA:50,3
DA:51,1
DA:52,1
DA:53,1
DA:54,1
DA:55,1
DA:56,1
DA:57,1
DA:58,8
DA:59,8
DA:60,8
DA:61,8
DA:62,8
DA:63,1
DA:64,1
DA:65,1
DA:66,0
LF:66
LH:61
BRDA:1,0,0,1
BRDA:5,1,0,2
BRDA:17,2,0,0
BRDA:22,3,0,6
BRDA:29,4,0,2
BRDA:29,5,0,1
BRDA:32,6,0,5
BRDA:34,7,0,0
BRDA:38,8,0,3
BRDA:38,9,0,3
BRDA:40,10,0,0
BRDA:42,11,0,0
BRDA:53,12,0,2
BRDA:55,13,0,6
BRDA:57,14,0,8
BRDA:59,15,0,0
BRF:16
BRH:11
end_of_record
TN:
SF:src/main/js/processor.js
FN:13,run
FN:29,cb
FN:43,cb
FN:74,runCmd
FN:79,quote
FNF:5
FNH:5
FNDA:3,run
FNDA:6,cb
FNDA:6,cb
FNDA:8,runCmd
FNDA:7,quote
DA:1,1
DA:2,1
DA:3,1
DA:4,1
DA:5,1
DA:6,1
DA:7,1
DA:8,1
DA:9,1
DA:10,1
DA:11,1
DA:12,1
DA:13,1
DA:14,3
DA:15,3
DA:16,3
DA:17,3
DA:18,3
DA:19,3
DA:20,3
DA:21,3
DA:22,3
DA:23,3
DA:24,3
DA:25,3
DA:26,3
DA:27,3
DA:28,3
DA:29,3
DA:30,6
DA:31,6
DA:32,6
DA:33,6
DA:34,6
DA:35,6
DA:36,6
DA:37,6
DA:38,6
DA:39,3
DA:40,3
DA:41,3
DA:42,3
DA:43,3
DA:44,6
DA:45,6
DA:46,6
DA:47,1
DA:48,1
DA:49,1
DA:50,5
DA:51,5
DA:52,5
DA:53,5
DA:54,6
DA:55,2
DA:56,2
DA:57,2
DA:58,3
DA:59,3
DA:60,3
DA:61,3
DA:62,3
DA:63,3
DA:64,3
DA:65,0
DA:66,0
DA:67,0
DA:68,0
DA:69,0
DA:70,3
DA:71,3
DA:72,3
DA:73,1
DA:74,1
DA:75,8
DA:76,8
DA:77,8
DA:78,7
DA:79,7
DA:80,7
DA:81,8
LF:81
LH:76
BRDA:1,0,0,1
BRDA:13,1,0,3
BRDA:13,2,0,3
BRDA:64,3,0,0
BRDA:29,4,0,6
BRDA:36,5,0,4
BRDA:36,6,0,2
BRDA:43,7,0,6
BRDA:46,8,0,1
BRDA:50,9,0,5
BRDA:54,10,0,2
BRDA:58,11,0,3
BRDA:74,12,0,8
BRDA:77,13,0,7
BRDA:79,14,0,7
BRF:15
BRH:14
end_of_record
TN:
SF:src/main/js/publish.js
FN:10,publish
FN:21,pushMeta
FN:45,ghRelease
FN:64,pushChangelog
FN:80,formatReleaseNotes
FN:101,ghPages
FN:121,getArtifactPath
FN:123,getLatestMeta
FN:137,getLatest
FNF:9
FNH:9
FNDA:3,publish
FNDA:3,pushMeta
FNDA:3,ghRelease
FNDA:3,pushChangelog
FNDA:1,formatReleaseNotes
FNDA:3,ghPages
FNDA:11,getArtifactPath
FNDA:6,getLatestMeta
FNDA:6,getLatest
DA:1,1
DA:2,1
DA:3,1
DA:4,1
DA:5,1
DA:6,1
DA:7,1
DA:8,1
DA:9,1
DA:10,1
DA:11,3
DA:12,3
DA:13,3
DA:14,3
DA:15,3
DA:16,3
DA:17,3
DA:18,3
DA:19,3
DA:20,1
DA:21,1
DA:22,3
DA:23,3
DA:24,3
DA:25,3
DA:26,3
DA:27,3
DA:28,3
DA:29,3
DA:30,3
DA:31,3
DA:32,3
DA:33,3
DA:34,3
DA:35,3
DA:36,3
DA:37,3
DA:38,3
DA:39,3
DA:40,3
DA:41,3
DA:42,3
DA:43,3
DA:44,1
DA:45,1
DA:46,3
DA:47,3
DA:48,3
DA:49,3
DA:50,0
DA:51,0
DA:52,0
DA:53,0
DA:54,0
DA:55,0
DA:56,0
DA:57,0
DA:58,0
DA:59,0
DA:60,0
DA:61,0
DA:62,3
DA:63,1
DA:64,1
DA:65,3
DA:66,3
DA:67,1
DA:68,1
DA:69,1
DA:70,1
DA:71,3
DA:72,3
DA:73,1
DA:74,1
DA:75,1
DA:76,1
DA:77,1
DA:78,3
DA:79,1
DA:80,1
DA:81,1
DA:82,1
DA:83,1
DA:84,1
DA:85,1
DA:86,1
DA:87,1
DA:88,1
DA:89,1
DA:90,1
DA:91,1
DA:92,1
DA:93,1
DA:94,1
DA:95,1
DA:96,1
DA:97,1
DA:98,1
DA:99,1
DA:100,1
DA:101,1
DA:102,3
DA:103,3
DA:104,2
DA:105,2
DA:106,2
DA:107,3
DA:108,3
DA:109,3
DA:110,3
DA:111,3
DA:112,3
DA:113,3
DA:114,3
DA:115,3
DA:116,3
DA:117,3
DA:118,3
DA:119,3
DA:120,1
DA:121,1
DA:122,1
DA:123,1
DA:124,6
DA:125,4
DA:126,4
DA:127,4
DA:128,4
DA:129,4
DA:130,4
DA:131,4
DA:132,6
DA:133,2
DA:134,2
DA:135,6
DA:136,1
DA:137,1
DA:138,6
DA:139,6
DA:140,6
DA:141,4
DA:142,4
DA:143,4
DA:144,4
DA:145,4
DA:146,6
LF:146
LH:134
BRDA:1,0,0,1
BRDA:10,1,0,3
BRDA:21,2,0,3
BRDA:45,3,0,3
BRDA:50,4,0,0
BRDA:64,5,0,3
BRDA:66,6,0,2
BRDA:67,7,0,1
BRDA:71,8,0,0
BRDA:73,9,0,1
BRDA:80,10,0,1
BRDA:86,11,0,1
BRDA:88,12,0,0
BRDA:94,13,0,1
BRDA:101,14,0,3
BRDA:103,15,0,1
BRDA:104,16,0,2
BRDA:107,17,0,0
BRDA:119,18,0,2
BRDA:121,19,0,11
BRDA:123,20,0,6
BRDA:124,21,0,2
BRDA:125,22,0,4
BRDA:132,23,0,2
BRDA:137,24,0,6
BRDA:140,25,0,4
BRDA:140,26,0,4
BRF:27
BRH:23
end_of_record
TN:
SF:src/main/js/repo.js
FN:7,fetch
FN:28,push
FN:65,parseRepo
FN:89,getOrigin
FN:97,getRoot
FNF:5
FNH:5
FNDA:11,fetch
FNDA:6,push
FNDA:4,parseRepo
FNDA:1,getOrigin
FNDA:15,getRoot
DA:1,1
DA:2,1
DA:3,1
DA:4,1
DA:5,1
DA:6,1
DA:7,1
DA:8,11
DA:9,11
DA:10,11
DA:11,11
DA:12,3
DA:13,3
DA:14,11
DA:15,11
DA:16,11
DA:17,11
DA:18,11
DA:19,3
DA:20,3
DA:21,3
DA:22,3
DA:23,3
DA:24,3
DA:25,3
DA:26,11
DA:27,1
DA:28,1
DA:29,6
DA:30,6
DA:31,6
DA:32,6
DA:33,6
DA:34,6
DA:35,6
DA:36,6
DA:37,6
DA:38,3
DA:39,3
DA:40,3
DA:41,6
DA:42,6
DA:43,6
DA:44,6
DA:45,6
DA:46,6
DA:47,6
DA:48,6
DA:49,6
DA:50,6
DA:51,1
DA:52,1
DA:53,1
DA:54,5
DA:55,5
DA:56,6
DA:57,0
DA:58,0
DA:59,0
DA:60,0
DA:61,6
DA:62,6
DA:63,1
DA:64,1
DA:65,1
DA:66,4
DA:67,4
DA:68,1
DA:69,1
DA:70,1
DA:71,1
DA:72,4
DA:73,4
DA:74,4
DA:75,4
DA:76,4
DA:77,4
DA:78,4
DA:79,4
DA:80,4
DA:81,4
DA:82,4
DA:83,4
DA:84,4
DA:85,4
DA:86,4
DA:87,1
DA:88,1
DA:89,1
DA:90,1
DA:91,1
DA:92,1
DA:93,1
DA:94,1
DA:95,1
DA:96,1
DA:97,1
LF:97
LH:93
BRDA:1,0,0,1
BRDA:7,1,0,11
BRDA:7,2,0,11
BRDA:11,3,0,8
BRDA:12,4,0,3
BRDA:18,5,0,0
BRDA:18,6,0,3
BRDA:28,7,0,6
BRDA:28,8,0,6
BRDA:37,9,0,3
BRDA:38,10,0,0
BRDA:41,11,0,2
BRDA:50,12,0,5
BRDA:50,13,0,1
BRDA:54,14,0,5
BRDA:56,15,0,0
BRDA:65,16,0,4
BRDA:67,17,0,3
BRDA:68,18,0,1
BRDA:73,19,0,0
BRDA:73,20,0,0
BRDA:73,21,0,0
BRDA:74,22,0,0
BRDA:75,23,0,1
BRDA:89,24,0,1
BRDA:97,25,0,15
BRF:26
BRH:19
end_of_record
TN:
SF:src/main/js/state.js
FN:4,createState
FN:11,setQueue
FN:24,get
FN:30,set
FN:37,setStatus
FN:41,getStatus
FN:44,log
FN:53,save
FNF:8
FNH:6
FNDA:3,createState
FNDA:3,setQueue
FNDA:0,get
FNDA:56,set
FNDA:26,setStatus
FNDA:0,getStatus
FNDA:42,log
FNDA:26,save
DA:1,1
DA:2,1
DA:3,1
DA:4,1
DA:5,3
DA:6,3
DA:7,3
DA:8,3
DA:9,3
DA:10,3
DA:11,3
DA:12,3
DA:13,3
DA:14,6
DA:15,6
DA:16,6
DA:17,6
DA:18,6
DA:19,6
DA:20,6
DA:21,6
DA:22,3
DA:23,3
DA:24,3
DA:25,0
DA:26,0
DA:27,0
DA:28,0
DA:29,3
DA:30,3
DA:31,56
DA:32,56
DA:33,56
DA:34,56
DA:35,56
DA:36,3
DA:37,3
DA:38,26
DA:39,26
DA:40,3
DA:41,3
DA:42,0
DA:43,3
DA:44,3
DA:45,42
DA:46,42
DA:47,42
DA:48,42
DA:49,42
DA:50,42
DA:51,42
DA:52,3
DA:53,3
DA:54,26
DA:55,26
DA:56,3
LF:56
LH:51
BRDA:1,0,0,1
BRDA:4,1,0,3
BRDA:11,2,0,3
BRDA:13,3,0,6
BRDA:30,4,0,56
BRDA:32,5,0,50
BRDA:32,6,0,6
BRDA:32,7,0,76
BRDA:37,8,0,26
BRDA:44,9,0,42
BRDA:45,10,0,42
BRDA:46,11,0,29
BRDA:46,12,0,13
BRDA:47,13,0,51
BRDA:47,14,0,42
BRDA:47,15,0,9
BRDA:53,16,0,26
BRDA:54,17,0,8
BRF:18
BRH:18
end_of_record
TN:
SF:src/main/js/tag.js
FN:8,pushTag
FN:24,parse
FN:38,format
FN:49,parse
FN:63,format
FN:75,parse
FN:101,parseTag
FN:103,formatTag
FN:105,getTags
FN:112,getLatestTag
FN:115,getLatestTaggedVersion
FN:118,formatDateTag
FN:120,parseDateTag
FNF:13
FNH:13
FNDA:3,pushTag
FNDA:36,parse
FNDA:18,format
FNDA:17,parse
FNDA:1,format
FNDA:13,parse
FNDA:36,parseTag
FNDA:18,formatTag
FNDA:9,getTags
FNDA:8,getLatestTag
FNDA:2,getLatestTaggedVersion
FNDA:18,formatDateTag
FNDA:23,parseDateTag
DA:1,1
DA:2,1
DA:3,1
DA:4,1
DA:5,1
DA:6,1
DA:7,1
DA:8,1
DA:9,3
DA:10,3
DA:11,3
DA:12,3
DA:13,3
DA:14,3
DA:15,3
DA:16,3
DA:17,3
DA:18,3
DA:19,3
DA:20,3
DA:21,3
DA:22,1
DA:23,1
DA:24,1
DA:25,36
DA:26,21
DA:27,21
DA:28,36
DA:29,36
DA:30,36
DA:31,36
DA:32,19
DA:33,19
DA:34,36
DA:35,36
DA:36,36
DA:37,1
DA:38,1
DA:39,18
DA:40,17
DA:41,17
DA:42,17
DA:43,17
DA:44,17
DA:45,18
DA:46,1
DA:47,1
DA:48,1
DA:49,1
DA:50,17
DA:51,4
DA:52,4
DA:53,17
DA:54,17
DA:55,17
DA:56,17
DA:57,4
DA:58,4
DA:59,4
DA:60,4
DA:61,4
DA:62,1
DA:63,1
DA:64,1
DA:65,1
DA:66,1
DA:67,1
DA:68,1
DA:69,1
DA:70,1
DA:71,1
DA:72,1
DA:73,1
DA:74,1
DA:75,1
DA:76,13
DA:77,13
DA:78,13
DA:79,13
DA:80,1
DA:81,1
DA:82,1
DA:83,1
DA:84,1
DA:85,1
DA:86,1
DA:87,1
DA:88,1
DA:89,1
DA:90,1
DA:91,1
DA:92,1
DA:93,1
DA:94,1
DA:95,1
DA:96,1
DA:97,1
DA:98,1
DA:99,1
DA:100,1
DA:101,1
DA:102,1
DA:103,1
DA:104,1
DA:105,1
DA:106,9
DA:107,9
DA:108,9
DA:109,9
DA:110,9
DA:111,1
DA:112,1
DA:113,8
DA:114,1
DA:115,1
DA:116,2
DA:117,1
DA:118,1
DA:119,1
DA:120,1
LF:120
LH:120
BRDA:1,0,0,1
BRDA:8,1,0,3
BRDA:8,2,0,3
BRDA:24,3,0,36
BRDA:25,4,0,15
BRDA:26,5,0,21
BRDA:28,6,0,1
BRDA:31,7,0,2
BRDA:32,8,0,19
BRDA:34,9,0,1
BRDA:34,10,0,18
BRDA:38,11,0,18
BRDA:39,12,0,17
BRDA:39,13,0,1
BRDA:40,14,0,17
BRDA:49,15,0,17
BRDA:50,16,0,13
BRDA:51,17,0,4
BRDA:53,18,0,0
BRDA:56,19,0,0
BRDA:57,20,0,4
BRDA:63,21,0,1
BRDA:64,22,0,0
BRDA:75,23,0,13
BRDA:77,24,0,12
BRDA:79,25,0,12
BRDA:80,26,0,1
BRDA:101,27,0,36
BRDA:101,28,0,17
BRDA:101,29,0,13
BRDA:101,30,0,12
BRDA:103,31,0,18
BRDA:103,32,0,1
BRDA:103,33,0,0
BRDA:105,34,0,9
BRDA:108,35,0,28
BRDA:110,36,0,12
BRDA:112,37,0,8
BRDA:113,38,0,2
BRDA:113,39,0,11
BRDA:115,40,0,2
BRDA:116,41,0,0
BRDA:118,42,0,18
BRDA:120,43,0,23
BRF:44
BRH:39
end_of_record
TN:
SF:src/main/js/topo.js
FN:4,topo
FN:12,flags.includePrivate.manifest.private
FN:13,filter
FN:20,traverse
FNF:4
FNH:3
FNDA:5,topo
FNDA:0,flags.includePrivate.manifest.private
FNDA:14,filter
FNDA:6,traverse
DA:1,1
DA:2,1
DA:3,1
DA:4,1
DA:5,5
DA:6,5
DA:7,5
DA:8,4
DA:9,4
DA:10,5
DA:11,5
DA:12,5
DA:13,5
DA:14,14
DA:15,14
DA:16,5
DA:17,5
DA:18,5
DA:19,1
DA:20,1
DA:21,6
DA:22,12
DA:23,12
DA:24,6
DA:25,6
DA:26,6
DA:27,12
DA:28,12
DA:29,12
DA:30,6
DA:31,6
LF:31
LH:31
BRDA:1,0,0,1
BRDA:4,1,0,5
BRDA:6,2,0,1
BRDA:7,3,0,4
BRDA:8,4,0,0
BRDA:12,5,0,0
BRDA:13,6,0,14
BRDA:14,7,0,0
BRDA:20,8,0,6
BRDA:21,9,0,12
BRDA:26,10,0,12
BRDA:27,11,0,6
BRDA:27,12,0,6
BRF:13
BRH:10
end_of_record
TN:
SF:src/main/js/util.js
FN:1,tpl
FN:4,get
FN:15,set
FN:31,msgJoin
FN:33,getPromise
FN:46,keyByValue
FNF:6
FNH:5
FNDA:55,tpl
FNDA:36,get
FNDA:58,set
FNDA:3,msgJoin
FNDA:12,getPromise
FNDA:0,keyByValue
DA:1,1
DA:2,55
DA:3,1
DA:4,1
DA:5,36
DA:6,36
DA:7,36
DA:8,36
DA:9,45
DA:10,45
DA:11,36
DA:12,36
DA:13,36
DA:14,1
DA:15,1
DA:16,58
DA:17,58
DA:18,58
DA:19,58
DA:20,61
DA:21,58
DA:22,61
DA:23,3
DA:24,3
DA:25,3
DA:26,61
DA:27,58
DA:28,58
DA:29,58
DA:30,1
DA:31,1
DA:32,1
DA:33,1
DA:34,12
DA:35,12
DA:36,12
DA:37,12
DA:38,12
DA:39,12
DA:40,12
DA:41,12
DA:42,12
DA:43,12
DA:44,12
DA:45,1
DA:46,1
LF:46
LH:46
BRDA:1,0,0,1
BRDA:1,1,0,55
BRDA:2,2,0,54
BRDA:2,3,0,32
BRDA:2,4,0,2
BRDA:4,5,0,36
BRDA:8,6,0,45
BRDA:8,7,0,45
BRDA:8,8,0,45
BRDA:15,9,0,58
BRDA:19,10,0,61
BRDA:19,11,0,61
BRDA:19,12,0,61
BRDA:20,13,0,58
BRDA:22,14,0,3
BRDA:23,15,0,1
BRDA:31,16,0,3
BRDA:33,17,0,12
BRDA:35,18,0,12
BRF:19
BRH:19
end_of_record
TN:
SF:src/test/js/test-utils.js
FN:7,createNpmRegistry
FN:12,start
FN:22,stop
FN:29,createFakeRepo
FN:43,addCommits
FNF:5
FNH:5
FNDA:1,createNpmRegistry
FNDA:1,start
FNDA:1,stop
FNDA:3,createFakeRepo
FNDA:4,addCommits
DA:1,1
DA:2,1
DA:3,1
DA:4,1
DA:5,1
DA:6,1
DA:7,1
DA:8,1
DA:9,1
DA:10,1
DA:11,1
DA:12,1
DA:13,1
DA:14,1
DA:15,1
DA:16,1
DA:17,1
DA:18,1
DA:19,1
DA:20,1
DA:21,1
DA:22,1
DA:23,1
DA:24,1
DA:25,1
DA:26,1
DA:27,1
DA:28,1
DA:29,1
DA:30,3
DA:31,3
DA:32,3
DA:33,3
DA:34,3
DA:35,3
DA:36,3
DA:37,3
DA:38,3
DA:39,3
DA:40,3
DA:41,3
DA:42,1
DA:43,1
DA:44,4
DA:45,4
DA:46,4
DA:47,22
DA:48,22
DA:49,22
DA:50,30
DA:51,30
DA:52,30
DA:53,30
DA:54,30
DA:55,30
DA:56,22
DA:57,22
DA:58,22
DA:59,22
DA:60,5
DA:61,5
DA:62,22
DA:63,4
LF:63
LH:63
BRDA:1,0,0,1
BRDA:7,1,0,1
BRDA:12,2,0,1
BRDA:15,3,0,1
BRDA:22,4,0,1
BRDA:29,5,0,3
BRDA:30,6,0,3
BRDA:43,7,0,4
BRDA:43,8,0,4
BRDA:46,9,0,22
BRDA:49,10,0,30
BRDA:50,11,0,21
BRDA:50,12,0,9
BRDA:59,13,0,5
BRF:14
BRH:14
end_of_record
