TN:
SF:src/main/js/analyze.js
FN:5,analyze
FN:26,getPkgCommits
FN:40,getSemanticChanges
FN:67,getNextReleaseType
FN:71,getNextVersion
FN:77,resolvePkgVersion
FNF:6
FNH:6
FNDA:6,analyze
FNDA:8,getPkgCommits
FNDA:6,getSemanticChanges
FNDA:6,getNextReleaseType
FNDA:5,getNextVersion
FNDA:6,resolvePkgVersion
DA:1,1
DA:2,1
DA:3,1
DA:4,1
DA:5,1
DA:6,6
DA:7,6
DA:8,6
DA:9,6
DA:10,6
DA:11,6
DA:12,6
DA:13,6
DA:14,6
DA:15,6
DA:16,6
DA:17,6
DA:18,1
DA:19,1
DA:20,1
DA:21,1
DA:22,1
DA:23,1
DA:24,1
DA:25,1
DA:26,1
DA:27,8
DA:28,8
DA:29,8
DA:30,8
DA:31,8
DA:32,8
DA:33,8
DA:34,8
DA:35,10
DA:36,10
DA:37,8
DA:38,8
DA:39,1
DA:40,1
DA:41,6
DA:42,6
DA:43,6
DA:44,7
DA:45,21
DA:46,21
DA:47,21
DA:48,21
DA:49,21
DA:50,7
DA:51,7
DA:52,7
DA:53,7
DA:54,7
DA:55,7
DA:56,7
DA:57,7
DA:58,7
DA:59,7
DA:60,7
DA:61,7
DA:62,6
DA:63,6
DA:64,6
DA:65,6
DA:66,1
DA:67,1
DA:68,6
DA:69,6
DA:70,1
DA:71,1
DA:72,5
DA:73,3
DA:74,3
DA:75,5
DA:76,1
DA:77,1
DA:78,6
DA:79,6
DA:80,6
LF:80
LH:80
BRDA:1,0,0,1
BRDA:5,1,0,6
BRDA:6,2,0,4
BRDA:13,3,0,4
BRDA:13,4,0,2
BRDA:26,5,0,8
BRDA:26,6,0,8
BRDA:27,7,0,6
BRDA:27,8,0,2
BRDA:34,9,0,10
BRDA:35,10,0,40
BRDA:40,11,0,6
BRDA:43,12,0,7
BRDA:44,13,0,21
BRDA:45,14,0,14
BRDA:46,15,0,7
BRDA:47,16,0,14
BRDA:47,17,0,14
BRDA:47,18,0,7
BRDA:49,19,0,7
BRDA:67,20,0,6
BRDA:68,21,0,5
BRDA:69,22,0,1
BRDA:68,23,0,12
BRDA:68,24,0,18
BRDA:71,25,0,5
BRDA:72,26,0,2
BRDA:73,27,0,3
BRDA:77,28,0,6
BRDA:79,29,0,5
BRDA:80,30,0,1
BRDA:80,31,0,0
BRF:32
BRH:31
end_of_record
TN:
SF:src/main/js/build.js
FN:5,build
FNF:1
FNH:1
FNDA:8,build
DA:1,1
DA:2,1
DA:3,1
DA:4,1
DA:5,1
DA:6,8
DA:7,6
DA:8,6
DA:9,6
DA:10,6
DA:11,6
DA:12,8
DA:13,6
DA:14,8
DA:15,5
DA:16,5
DA:17,6
DA:18,6
DA:19,6
DA:20,8
LF:20
LH:20
BRDA:1,0,0,1
BRDA:5,1,0,8
BRDA:6,2,0,2
BRDA:7,3,0,6
BRDA:12,4,0,1
BRDA:12,5,0,1
BRDA:13,6,0,6
BRDA:14,7,0,5
BRDA:14,8,0,5
BRDA:17,9,0,6
BRDA:8,10,0,3
BRF:11
BRH:11
end_of_record
TN:
SF:src/main/js/config.js
FN:25,getConfig
FN:30,normalizeConfig
FN:36,parseEnv
FN:50,camelize
FN:51,normalizeFlags
FNF:5
FNH:3
FNDA:6,getConfig
FNDA:6,normalizeConfig
FNDA:24,parseEnv
FNDA:0,camelize
FNDA:0,normalizeFlags
DA:1,1
DA:2,1
DA:3,1
DA:4,1
DA:5,1
DA:6,1
DA:7,1
DA:8,1
DA:9,1
DA:10,1
DA:11,1
DA:12,1
DA:13,1
DA:14,1
DA:15,1
DA:16,1
DA:17,1
DA:18,1
DA:19,1
DA:20,1
DA:21,1
DA:22,1
DA:23,1
DA:24,1
DA:25,1
DA:26,6
DA:27,6
DA:28,6
DA:29,1
DA:30,1
DA:31,6
DA:32,6
DA:33,6
DA:34,6
DA:35,1
DA:36,1
DA:37,24
DA:38,24
DA:39,24
DA:40,24
DA:41,24
DA:42,24
DA:43,24
DA:44,24
DA:45,24
DA:46,24
DA:47,24
DA:48,24
DA:49,1
DA:50,1
DA:51,1
LF:51
LH:51
BRDA:1,0,0,1
BRDA:25,1,0,6
BRDA:28,2,0,0
BRDA:27,3,0,12
BRDA:27,4,0,12
BRDA:27,5,0,6
BRDA:30,6,0,6
BRDA:32,7,0,0
BRDA:33,8,0,0
BRDA:33,9,0,0
BRDA:36,10,0,24
BRDA:44,11,0,0
BRF:12
BRH:7
end_of_record
TN:
SF:src/main/js/contextify.js
FN:7,contextify
FNF:1
FNH:1
FNDA:6,contextify
DA:1,1
DA:2,1
DA:3,1
DA:4,1
DA:5,1
DA:6,1
DA:7,1
DA:8,6
DA:9,6
DA:10,6
DA:11,6
DA:12,6
DA:13,6
DA:14,6
DA:15,6
DA:16,6
DA:17,6
DA:18,6
LF:18
LH:18
BRDA:1,0,0,1
BRDA:7,1,0,6
BRF:2
BRH:2
end_of_record
TN:
SF:src/main/js/deps.js
FN:5,traverseDeps
FN:20,updateDeps
FN:44,resolveNextVersion
FN:55,subsWorkspace
FNF:4
FNH:4
FNDA:12,traverseDeps
FNDA:6,updateDeps
FNDA:18,resolveNextVersion
FNDA:18,subsWorkspace
DA:1,1
DA:2,1
DA:3,1
DA:4,1
DA:5,1
DA:6,12
DA:7,12
DA:8,12
DA:9,48
DA:10,48
DA:11,6
DA:12,6
DA:13,6
DA:14,6
DA:15,6
DA:16,6
DA:17,6
DA:18,12
DA:19,1
DA:20,1
DA:21,6
DA:22,6
DA:23,6
DA:24,3
DA:25,3
DA:26,3
DA:27,3
DA:28,3
DA:29,3
DA:30,3
DA:31,3
DA:32,3
DA:33,2
DA:34,2
DA:35,2
DA:36,2
DA:37,2
DA:38,2
DA:39,6
DA:40,6
DA:41,6
DA:42,6
DA:43,1
DA:44,1
DA:45,18
DA:46,17
DA:47,17
DA:48,17
DA:49,17
DA:50,18
DA:51,13
DA:52,18
DA:53,18
DA:54,1
DA:55,1
DA:56,18
DA:57,9
DA:58,9
DA:59,9
DA:60,9
DA:61,9
DA:62,9
DA:63,9
DA:64,9
DA:65,18
LF:65
LH:65
BRDA:1,0,0,1
BRDA:5,1,0,12
BRDA:8,2,0,48
BRDA:10,3,0,42
BRDA:11,4,0,6
BRDA:13,5,0,0
BRDA:20,6,0,6
BRDA:23,7,0,3
BRDA:24,8,0,1
BRDA:27,9,0,1
BRDA:32,10,0,1
BRDA:33,11,0,2
BRDA:44,12,0,18
BRDA:45,13,0,1
BRDA:46,14,0,17
BRDA:50,15,0,4
BRDA:50,16,0,1
BRDA:50,17,0,3
BRDA:51,18,0,13
BRDA:52,19,0,4
BRDA:52,20,0,9
BRDA:55,21,0,18
BRDA:56,22,0,9
BRDA:60,23,0,6
BRDA:60,24,0,2
BRDA:60,25,0,4
BRDA:61,26,0,3
BRF:27
BRH:26
end_of_record
TN:
SF:src/main/js/index.js
FN:9,run
FNF:1
FNH:1
FNDA:3,run
DA:1,1
DA:2,1
DA:3,1
DA:4,1
DA:5,1
DA:6,1
DA:7,1
DA:8,1
DA:9,1
DA:10,3
DA:11,3
DA:12,3
DA:13,3
DA:14,3
DA:15,3
DA:16,3
DA:17,3
DA:18,3
DA:19,3
DA:20,3
DA:21,3
DA:22,3
DA:23,6
DA:24,6
DA:25,6
DA:26,6
DA:27,6
DA:28,6
DA:29,6
DA:30,6
DA:31,6
DA:32,6
DA:33,6
DA:34,1
DA:35,1
DA:36,1
DA:37,5
DA:38,5
DA:39,5
DA:40,5
DA:41,5
DA:42,6
DA:43,2
DA:44,2
DA:45,2
DA:46,3
DA:47,3
DA:48,3
DA:49,3
DA:50,3
DA:51,3
DA:52,3
DA:53,0
DA:54,0
DA:55,0
DA:56,0
DA:57,0
DA:58,3
DA:59,3
DA:60,3
LF:60
LH:55
BRDA:1,0,0,1
BRDA:9,1,0,3
BRDA:9,2,0,3
BRDA:22,3,0,6
BRDA:30,4,0,4
BRDA:30,5,0,2
BRDA:33,6,0,1
BRDA:37,7,0,5
BRDA:42,8,0,2
BRDA:46,9,0,3
BRDA:52,10,0,0
BRF:11
BRH:10
end_of_record
TN:
SF:src/main/js/npm.js
FN:5,fetchPkg
FN:23,fetchManifest
FN:39,npmPublish
FN:54,getTarballUrl
FN:56,getManifestUrl
FN:58,getBearerToken
FN:66,getAuthToken
FNF:7
FNH:6
FNDA:2,fetchPkg
FNDA:6,fetchManifest
FNDA:3,npmPublish
FNDA:2,getTarballUrl
FNDA:6,getManifestUrl
FNDA:8,getBearerToken
FNDA:0,getAuthToken
DA:1,1
DA:2,1
DA:3,1
DA:4,1
DA:5,1
DA:6,2
DA:7,2
DA:8,2
DA:9,2
DA:10,2
DA:11,2
DA:12,2
DA:13,2
DA:14,2
DA:15,2
DA:16,2
DA:17,2
DA:18,2
DA:19,0
DA:20,0
DA:21,2
DA:22,1
DA:23,1
DA:24,6
DA:25,6
DA:26,6
DA:27,6
DA:28,6
DA:29,6
DA:30,6
DA:31,1
DA:32,1
DA:33,6
DA:34,5
DA:35,0
DA:36,0
DA:37,6
DA:38,1
DA:39,1
DA:40,3
DA:41,3
DA:42,3
DA:43,3
DA:44,3
DA:45,3
DA:46,3
DA:47,3
DA:48,3
DA:49,3
DA:50,3
DA:51,3
DA:52,1
DA:53,1
DA:54,1
DA:55,1
DA:56,1
DA:57,1
DA:58,1
DA:59,8
DA:60,8
DA:61,8
DA:62,8
DA:63,8
DA:64,1
DA:65,1
DA:66,1
DA:67,0
LF:67
LH:62
BRDA:1,0,0,1
BRDA:5,1,0,2
BRDA:18,2,0,0
BRDA:23,3,0,6
BRDA:30,4,0,3
BRDA:30,5,0,2
BRDA:31,6,0,1
BRDA:33,7,0,5
BRDA:35,8,0,0
BRDA:39,9,0,3
BRDA:39,10,0,3
BRDA:41,11,0,0
BRDA:43,12,0,0
BRDA:54,13,0,2
BRDA:56,14,0,6
BRDA:58,15,0,8
BRDA:60,16,0,0
BRF:17
BRH:12
end_of_record
TN:
SF:src/main/js/publish.js
FN:8,publish
FN:19,pushMeta
FN:43,ghRelease
FN:62,pushChangelog
FN:78,formatReleaseNotes
FN:99,ghPages
FN:119,getArtifactPath
FN:121,getLatestMeta
FN:135,getLatest
FNF:9
FNH:9
FNDA:3,publish
FNDA:3,pushMeta
FNDA:3,ghRelease
FNDA:3,pushChangelog
FNDA:1,formatReleaseNotes
FNDA:3,ghPages
FNDA:11,getArtifactPath
FNDA:6,getLatestMeta
FNDA:6,getLatest
DA:1,1
DA:2,1
DA:3,1
DA:4,1
DA:5,1
DA:6,1
DA:7,1
DA:8,1
DA:9,3
DA:10,3
DA:11,3
DA:12,3
DA:13,3
DA:14,3
DA:15,3
DA:16,3
DA:17,3
DA:18,1
DA:19,1
DA:20,3
DA:21,3
DA:22,3
DA:23,3
DA:24,3
DA:25,3
DA:26,3
DA:27,3
DA:28,3
DA:29,3
DA:30,3
DA:31,3
DA:32,3
DA:33,3
DA:34,3
DA:35,3
DA:36,3
DA:37,3
DA:38,3
DA:39,3
DA:40,3
DA:41,3
DA:42,1
DA:43,1
DA:44,3
DA:45,3
DA:46,3
DA:47,3
DA:48,0
DA:49,0
DA:50,0
DA:51,0
DA:52,0
DA:53,0
DA:54,0
DA:55,0
DA:56,0
DA:57,0
DA:58,0
DA:59,0
DA:60,3
DA:61,1
DA:62,1
DA:63,3
DA:64,3
DA:65,1
DA:66,1
DA:67,1
DA:68,1
DA:69,3
DA:70,3
DA:71,1
DA:72,1
DA:73,1
DA:74,1
DA:75,1
DA:76,3
DA:77,1
DA:78,1
DA:79,1
DA:80,1
DA:81,1
DA:82,1
DA:83,1
DA:84,1
DA:85,1
DA:86,1
DA:87,1
DA:88,1
DA:89,1
DA:90,1
DA:91,1
DA:92,1
DA:93,1
DA:94,1
DA:95,1
DA:96,1
DA:97,1
DA:98,1
DA:99,1
DA:100,3
DA:101,3
DA:102,2
DA:103,2
DA:104,2
DA:105,3
DA:106,3
DA:107,3
DA:108,3
DA:109,3
DA:110,3
DA:111,3
DA:112,3
DA:113,3
DA:114,3
DA:115,3
DA:116,3
DA:117,3
DA:118,1
DA:119,1
DA:120,1
DA:121,1
DA:122,6
DA:123,4
DA:124,4
DA:125,4
DA:126,4
DA:127,4
DA:128,4
DA:129,4
DA:130,6
DA:131,2
DA:132,2
DA:133,6
DA:134,1
DA:135,1
DA:136,6
DA:137,6
DA:138,6
DA:139,4
DA:140,4
DA:141,4
DA:142,4
DA:143,4
DA:144,6
LF:144
LH:132
BRDA:1,0,0,1
BRDA:8,1,0,3
BRDA:19,2,0,3
BRDA:43,3,0,3
BRDA:48,4,0,0
BRDA:62,5,0,3
BRDA:64,6,0,2
BRDA:65,7,0,1
BRDA:69,8,0,0
BRDA:71,9,0,1
BRDA:78,10,0,1
BRDA:84,11,0,1
BRDA:86,12,0,0
BRDA:92,13,0,1
BRDA:99,14,0,3
BRDA:101,15,0,1
BRDA:102,16,0,2
BRDA:105,17,0,0
BRDA:117,18,0,2
BRDA:119,19,0,11
BRDA:121,20,0,6
BRDA:122,21,0,2
BRDA:123,22,0,4
BRDA:130,23,0,2
BRDA:135,24,0,6
BRDA:138,25,0,4
BRDA:138,26,0,4
BRF:27
BRH:23
end_of_record
TN:
SF:src/main/js/repo.js
FN:6,fetch
FN:27,push
FN:53,parseRepo
FN:77,getOrigin
FN:85,getRoot
FNF:5
FNH:5
FNDA:11,fetch
FNDA:6,push
FNDA:4,parseRepo
FNDA:1,getOrigin
FNDA:15,getRoot
DA:1,1
DA:2,1
DA:3,1
DA:4,1
DA:5,1
DA:6,1
DA:7,11
DA:8,11
DA:9,11
DA:10,11
DA:11,3
DA:12,3
DA:13,11
DA:14,11
DA:15,11
DA:16,11
DA:17,11
DA:18,3
DA:19,3
DA:20,3
DA:21,3
DA:22,3
DA:23,3
DA:24,3
DA:25,11
DA:26,1
DA:27,1
DA:28,6
DA:29,6
DA:30,6
DA:31,6
DA:32,3
DA:33,3
DA:34,3
DA:35,6
DA:36,6
DA:37,6
DA:38,6
DA:39,6
DA:40,6
DA:41,6
DA:42,6
DA:43,6
DA:44,6
DA:45,1
DA:46,1
DA:47,1
DA:48,5
DA:49,5
DA:50,6
DA:51,1
DA:52,1
DA:53,1
DA:54,4
DA:55,4
DA:56,1
DA:57,1
DA:58,1
DA:59,1
DA:60,4
DA:61,4
DA:62,0
DA:63,4
DA:64,4
DA:65,4
DA:66,4
DA:67,4
DA:68,4
DA:69,4
DA:70,4
DA:71,4
DA:72,4
DA:73,4
DA:74,4
DA:75,1
DA:76,1
DA:77,1
DA:78,1
DA:79,1
DA:80,1
DA:81,1
DA:82,1
DA:83,1
DA:84,1
DA:85,1
LF:85
LH:84
BRDA:1,0,0,1
BRDA:6,1,0,11
BRDA:6,2,0,11
BRDA:10,3,0,8
BRDA:11,4,0,3
BRDA:17,5,0,0
BRDA:17,6,0,3
BRDA:27,7,0,6
BRDA:27,8,0,6
BRDA:31,9,0,3
BRDA:32,10,0,0
BRDA:35,11,0,2
BRDA:44,12,0,5
BRDA:44,13,0,1
BRDA:48,14,0,5
BRDA:53,15,0,4
BRDA:55,16,0,3
BRDA:56,17,0,1
BRDA:61,18,0,0
BRDA:61,19,0,0
BRDA:61,20,0,0
BRDA:61,21,0,0
BRDA:63,22,0,1
BRDA:77,23,0,1
BRDA:85,24,0,15
BRF:25
BRH:19
end_of_record
TN:
SF:src/main/js/tag.js
FN:8,pushTag
FN:24,parse
FN:38,format
FN:49,parse
FN:63,format
FN:75,parse
FN:101,parseTag
FN:103,formatTag
FN:105,getTags
FN:112,getLatestTag
FN:115,getLatestTaggedVersion
FN:118,formatDateTag
FN:120,parseDateTag
FNF:13
FNH:13
FNDA:3,pushTag
FNDA:37,parse
FNDA:13,format
FNDA:17,parse
FNDA:1,format
FNDA:13,parse
FNDA:37,parseTag
FNDA:13,formatTag
FNDA:9,getTags
FNDA:8,getLatestTag
FNDA:2,getLatestTaggedVersion
FNDA:13,formatDateTag
FNDA:24,parseDateTag
DA:1,1
DA:2,1
DA:3,1
DA:4,1
DA:5,1
DA:6,1
DA:7,1
DA:8,1
DA:9,3
DA:10,3
DA:11,3
DA:12,3
DA:13,3
DA:14,3
DA:15,3
DA:16,3
DA:17,3
DA:18,3
DA:19,3
DA:20,3
DA:21,3
DA:22,1
DA:23,1
DA:24,1
DA:25,37
DA:26,22
DA:27,22
DA:28,37
DA:29,37
DA:30,37
DA:31,37
DA:32,20
DA:33,20
DA:34,37
DA:35,37
DA:36,37
DA:37,1
DA:38,1
DA:39,13
DA:40,12
DA:41,12
DA:42,12
DA:43,12
DA:44,12
DA:45,13
DA:46,1
DA:47,1
DA:48,1
DA:49,1
DA:50,17
DA:51,4
DA:52,4
DA:53,17
DA:54,17
DA:55,17
DA:56,17
DA:57,4
DA:58,4
DA:59,4
DA:60,4
DA:61,4
DA:62,1
DA:63,1
DA:64,1
DA:65,1
DA:66,1
DA:67,1
DA:68,1
DA:69,1
DA:70,1
DA:71,1
DA:72,1
DA:73,1
DA:74,1
DA:75,1
DA:76,13
DA:77,13
DA:78,13
DA:79,13
DA:80,1
DA:81,1
DA:82,1
DA:83,1
DA:84,1
DA:85,1
DA:86,1
DA:87,1
DA:88,1
DA:89,1
DA:90,1
DA:91,1
DA:92,1
DA:93,1
DA:94,1
DA:95,1
DA:96,1
DA:97,1
DA:98,1
DA:99,1
DA:100,1
DA:101,1
DA:102,1
DA:103,1
DA:104,1
DA:105,1
DA:106,9
DA:107,9
DA:108,9
DA:109,9
DA:110,9
DA:111,1
DA:112,1
DA:113,8
DA:114,1
DA:115,1
DA:116,2
DA:117,1
DA:118,1
DA:119,1
DA:120,1
LF:120
LH:120
BRDA:1,0,0,1
BRDA:8,1,0,3
BRDA:8,2,0,3
BRDA:24,3,0,37
BRDA:25,4,0,15
BRDA:26,5,0,22
BRDA:28,6,0,1
BRDA:31,7,0,2
BRDA:32,8,0,20
BRDA:34,9,0,1
BRDA:34,10,0,19
BRDA:38,11,0,13
BRDA:39,12,0,12
BRDA:39,13,0,1
BRDA:40,14,0,12
BRDA:49,15,0,17
BRDA:50,16,0,13
BRDA:51,17,0,4
BRDA:53,18,0,0
BRDA:56,19,0,0
BRDA:57,20,0,4
BRDA:63,21,0,1
BRDA:64,22,0,0
BRDA:75,23,0,13
BRDA:77,24,0,12
BRDA:79,25,0,12
BRDA:80,26,0,1
BRDA:101,27,0,37
BRDA:101,28,0,17
BRDA:101,29,0,13
BRDA:101,30,0,12
BRDA:103,31,0,13
BRDA:103,32,0,1
BRDA:103,33,0,0
BRDA:105,34,0,9
BRDA:108,35,0,29
BRDA:110,36,0,11
BRDA:112,37,0,8
BRDA:113,38,0,2
BRDA:113,39,0,11
BRDA:115,40,0,2
BRDA:116,41,0,0
BRDA:118,42,0,13
BRDA:120,43,0,24
BRF:44
BRH:39
end_of_record
TN:
SF:src/main/js/topo.js
FN:3,topo
FN:11,flags.includePrivate.manifest.private
FN:12,filter
FNF:3
FNH:2
FNDA:5,topo
FNDA:0,flags.includePrivate.manifest.private
FNDA:14,filter
DA:1,1
DA:2,1
DA:3,1
DA:4,5
DA:5,5
DA:6,5
DA:7,4
DA:8,4
DA:9,5
DA:10,5
DA:11,5
DA:12,5
DA:13,14
DA:14,14
DA:15,5
DA:16,5
DA:17,5
LF:17
LH:17
BRDA:1,0,0,1
BRDA:3,1,0,5
BRDA:5,2,0,1
BRDA:6,3,0,4
BRDA:7,4,0,0
BRDA:11,5,0,0
BRDA:12,6,0,14
BRDA:13,7,0,0
BRF:8
BRH:5
end_of_record
TN:
SF:src/main/js/util.js
FN:3,tpl
FN:6,get
FN:17,set
FN:33,runHook
FN:38,quote
FN:42,restJoin
FN:44,createReporter
FN:53,setQueue
FN:65,getState
FN:69,setState
FN:73,setStatus
FN:78,getStatus
FN:81,log
FN:88,persistState
FN:94,log
FNF:15
FNH:13
FNDA:56,tpl
FNDA:36,get
FNDA:57,set
FNDA:8,runHook
FNDA:7,quote
FNDA:3,restJoin
FNDA:4,createReporter
FNDA:3,setQueue
FNDA:0,getState
FNDA:55,setState
FNDA:31,setStatus
FNDA:0,getStatus
FNDA:43,log
FNDA:31,persistState
FNDA:43,log
DA:1,1
DA:2,1
DA:3,1
DA:4,56
DA:5,1
DA:6,1
DA:7,36
DA:8,36
DA:9,36
DA:10,36
DA:11,45
DA:12,45
DA:13,36
DA:14,36
DA:15,36
DA:16,1
DA:17,1
DA:18,57
DA:19,57
DA:20,57
DA:21,57
DA:22,60
DA:23,57
DA:24,60
DA:25,3
DA:26,3
DA:27,3
DA:28,60
DA:29,57
DA:30,57
DA:31,57
DA:32,1
DA:33,1
DA:34,8
DA:35,8
DA:36,8
DA:37,7
DA:38,7
DA:39,7
DA:40,8
DA:41,1
DA:42,1
DA:43,1
DA:44,1
DA:45,4
DA:46,4
DA:47,4
DA:48,4
DA:49,4
DA:50,4
DA:51,4
DA:52,4
DA:53,4
DA:54,3
DA:55,3
DA:56,6
DA:57,6
DA:58,6
DA:59,6
DA:60,6
DA:61,6
DA:62,6
DA:63,3
DA:64,4
DA:65,4
DA:66,0
DA:67,0
DA:68,4
DA:69,4
DA:70,55
DA:71,55
DA:72,4
DA:73,4
DA:74,31
DA:75,31
DA:76,31
DA:77,4
DA:78,4
DA:79,0
DA:80,4
DA:81,4
DA:82,43
DA:83,43
DA:84,43
DA:85,43
DA:86,43
DA:87,4
DA:88,4
DA:89,31
DA:90,31
DA:91,4
DA:92,4
DA:93,1
DA:94,1
DA:95,43
DA:96,1
DA:97,1
DA:98,43
DA:99,43
DA:100,43
LF:100
LH:97
BRDA:1,0,0,1
BRDA:3,1,0,56
BRDA:4,2,0,55
BRDA:4,3,0,32
BRDA:4,4,0,2
BRDA:6,5,0,36
BRDA:10,6,0,45
BRDA:10,7,0,45
BRDA:10,8,0,45
BRDA:17,9,0,57
BRDA:21,10,0,60
BRDA:21,11,0,60
BRDA:21,12,0,60
BRDA:22,13,0,57
BRDA:24,14,0,3
BRDA:25,15,0,1
BRDA:33,16,0,8
BRDA:36,17,0,7
BRDA:38,18,0,7
BRDA:42,19,0,3
BRDA:44,20,0,4
BRDA:53,21,0,3
BRDA:55,22,0,6
BRDA:69,23,0,55
BRDA:70,24,0,44
BRDA:70,25,0,11
BRDA:70,26,0,67
BRDA:73,27,0,31
BRDA:81,28,0,43
BRDA:81,29,0,43
BRDA:82,30,0,30
BRDA:82,31,0,13
BRDA:83,32,0,52
BRDA:83,33,0,43
BRDA:83,34,0,9
BRDA:88,35,0,31
BRDA:89,36,0,10
BRDA:94,37,0,43
BRDA:95,38,0,1
BRF:39
BRH:39
end_of_record
TN:
SF:src/test/js/test-utils.js
FN:7,createNpmRegistry
FN:12,start
FN:22,stop
FN:29,createFakeRepo
FN:43,addCommits
FNF:5
FNH:5
FNDA:1,createNpmRegistry
FNDA:1,start
FNDA:1,stop
FNDA:3,createFakeRepo
FNDA:4,addCommits
DA:1,1
DA:2,1
DA:3,1
DA:4,1
DA:5,1
DA:6,1
DA:7,1
DA:8,1
DA:9,1
DA:10,1
DA:11,1
DA:12,1
DA:13,1
DA:14,1
DA:15,1
DA:16,1
DA:17,1
DA:18,1
DA:19,1
DA:20,1
DA:21,1
DA:22,1
DA:23,1
DA:24,1
DA:25,1
DA:26,1
DA:27,1
DA:28,1
DA:29,1
DA:30,3
DA:31,3
DA:32,3
DA:33,3
DA:34,3
DA:35,3
DA:36,3
DA:37,3
DA:38,3
DA:39,3
DA:40,3
DA:41,3
DA:42,1
DA:43,1
DA:44,4
DA:45,4
DA:46,4
DA:47,21
DA:48,21
DA:49,21
DA:50,28
DA:51,28
DA:52,28
DA:53,28
DA:54,28
DA:55,28
DA:56,21
DA:57,21
DA:58,21
DA:59,21
DA:60,5
DA:61,5
DA:62,21
DA:63,4
LF:63
LH:63
BRDA:1,0,0,1
BRDA:7,1,0,1
BRDA:12,2,0,1
BRDA:15,3,0,1
BRDA:22,4,0,1
BRDA:29,5,0,3
BRDA:30,6,0,3
BRDA:43,7,0,4
BRDA:43,8,0,4
BRDA:46,9,0,21
BRDA:49,10,0,28
BRDA:50,11,0,19
BRDA:50,12,0,9
BRDA:59,13,0,5
BRF:14
BRH:14
end_of_record
