TN:
SF:src/main/js/analyze.js
FN:7,analyze
FN:29,getSemanticChanges
FN:35,analyzeCommits
FN:57,getNextReleaseType
FN:61,getNextVersion
FN:67,resolvePkgVersion
FNF:6
FNH:6
FNDA:6,analyze
FNDA:6,getSemanticChanges
FNDA:7,analyzeCommits
FNDA:6,getNextReleaseType
FNDA:5,getNextVersion
FNDA:6,resolvePkgVersion
DA:1,1
DA:2,1
DA:3,1
DA:4,1
DA:5,1
DA:6,1
DA:7,1
DA:8,6
DA:9,6
DA:10,6
DA:11,6
DA:12,6
DA:13,6
DA:14,6
DA:15,6
DA:16,6
DA:17,6
DA:18,6
DA:19,6
DA:20,6
DA:21,1
DA:22,1
DA:23,1
DA:24,1
DA:25,1
DA:26,1
DA:27,1
DA:28,1
DA:29,1
DA:30,6
DA:31,6
DA:32,6
DA:33,6
DA:34,1
DA:35,1
DA:36,7
DA:37,11
DA:38,33
DA:39,33
DA:40,33
DA:41,33
DA:42,33
DA:43,11
DA:44,11
DA:45,11
DA:46,11
DA:47,11
DA:48,11
DA:49,11
DA:50,11
DA:51,11
DA:52,11
DA:53,11
DA:54,11
DA:55,7
DA:56,1
DA:57,1
DA:58,6
DA:59,6
DA:60,1
DA:61,1
DA:62,5
DA:63,3
DA:64,3
DA:65,5
DA:66,1
DA:67,1
DA:68,6
DA:69,6
DA:70,6
LF:70
LH:70
BRDA:1,0,0,1
BRDA:7,1,0,6
BRDA:8,2,0,4
BRDA:15,3,0,4
BRDA:15,4,0,2
BRDA:17,5,0,5
BRDA:17,6,0,1
BRDA:29,7,0,6
BRDA:35,8,0,7
BRDA:36,9,0,11
BRDA:37,10,0,33
BRDA:38,11,0,22
BRDA:39,12,0,11
BRDA:40,13,0,21
BRDA:40,14,0,23
BRDA:40,15,0,13
BRDA:42,16,0,11
BRDA:57,17,0,6
BRDA:58,18,0,5
BRDA:59,19,0,1
BRDA:58,20,0,12
BRDA:58,21,0,18
BRDA:61,22,0,5
BRDA:62,23,0,2
BRDA:63,24,0,3
BRDA:67,25,0,6
BRDA:69,26,0,5
BRDA:70,27,0,1
BRDA:70,28,0,0
BRF:29
BRH:28
end_of_record
TN:
SF:src/main/js/changelog.js
FN:7,pushChangelog
FN:23,formatReleaseNotes
FNF:2
FNH:2
FNDA:3,pushChangelog
FNDA:1,formatReleaseNotes
DA:1,1
DA:2,1
DA:3,1
DA:4,1
DA:5,1
DA:6,1
DA:7,1
DA:8,3
DA:9,3
DA:10,1
DA:11,1
DA:12,1
DA:13,1
DA:14,3
DA:15,3
DA:16,1
DA:17,1
DA:18,1
DA:19,1
DA:20,1
DA:21,3
DA:22,1
DA:23,1
DA:24,1
DA:25,1
DA:26,1
DA:27,1
DA:28,1
DA:29,1
DA:30,1
DA:31,1
DA:32,1
DA:33,1
DA:34,1
DA:35,1
DA:36,1
DA:37,1
DA:38,1
DA:39,1
DA:40,1
DA:41,1
DA:42,1
LF:42
LH:42
BRDA:1,0,0,1
BRDA:7,1,0,3
BRDA:9,2,0,2
BRDA:10,3,0,1
BRDA:14,4,0,0
BRDA:16,5,0,1
BRDA:23,6,0,1
BRDA:29,7,0,1
BRDA:31,8,0,0
BRDA:37,9,0,1
BRF:10
BRH:8
end_of_record
TN:
SF:src/main/js/config.js
FN:26,getPkgConfig
FN:31,normalizePkgConfig
FN:36,get ghBasicAuth
FN:41,parseEnv
FN:52,normalizeFlags
FNF:5
FNH:4
FNDA:6,getPkgConfig
FNDA:6,normalizePkgConfig
FNDA:32,get ghBasicAuth
FNDA:8,parseEnv
FNDA:0,normalizeFlags
DA:1,1
DA:2,1
DA:3,1
DA:4,1
DA:5,1
DA:6,1
DA:7,1
DA:8,1
DA:9,1
DA:10,1
DA:11,1
DA:12,1
DA:13,1
DA:14,1
DA:15,1
DA:16,1
DA:17,1
DA:18,1
DA:19,1
DA:20,1
DA:21,1
DA:22,1
DA:23,1
DA:24,1
DA:25,1
DA:26,1
DA:27,6
DA:28,6
DA:29,6
DA:30,1
DA:31,1
DA:32,6
DA:33,6
DA:34,6
DA:35,6
DA:36,6
DA:37,32
DA:38,32
DA:39,6
DA:40,1
DA:41,1
DA:42,8
DA:43,8
DA:44,8
DA:45,8
DA:46,8
DA:47,8
DA:48,8
DA:49,8
DA:50,8
DA:51,1
DA:52,1
LF:52
LH:52
BRDA:1,0,0,1
BRDA:26,1,0,6
BRDA:29,2,0,0
BRDA:28,3,0,12
BRDA:28,4,0,12
BRDA:28,5,0,6
BRDA:31,6,0,6
BRDA:34,7,0,0
BRDA:35,8,0,0
BRDA:36,9,0,32
BRDA:37,10,0,0
BRDA:37,11,0,0
BRDA:41,12,0,8
BRDA:47,13,0,0
BRF:14
BRH:8
end_of_record
TN:
SF:src/main/js/deps.js
FN:6,traverseDeps
FN:21,updateDeps
FN:45,resolveNextVersion
FN:56,subsWorkspace
FN:68,topo
FN:75,filter
FN:81,traverseQueue
FNF:7
FNH:7
FNDA:12,traverseDeps
FNDA:6,updateDeps
FNDA:18,resolveNextVersion
FNDA:18,subsWorkspace
FNDA:5,topo
FNDA:14,filter
FNDA:6,traverseQueue
DA:1,1
DA:2,1
DA:3,1
DA:4,1
DA:5,1
DA:6,1
DA:7,12
DA:8,12
DA:9,12
DA:10,48
DA:11,48
DA:12,6
DA:13,6
DA:14,6
DA:15,6
DA:16,6
DA:17,6
DA:18,6
DA:19,12
DA:20,1
DA:21,1
DA:22,6
DA:23,6
DA:24,6
DA:25,3
DA:26,3
DA:27,3
DA:28,3
DA:29,3
DA:30,3
DA:31,3
DA:32,3
DA:33,3
DA:34,2
DA:35,2
DA:36,2
DA:37,2
DA:38,2
DA:39,2
DA:40,6
DA:41,6
DA:42,6
DA:43,6
DA:44,1
DA:45,1
DA:46,18
DA:47,17
DA:48,17
DA:49,17
DA:50,17
DA:51,18
DA:52,13
DA:53,18
DA:54,18
DA:55,1
DA:56,1
DA:57,18
DA:58,9
DA:59,9
DA:60,9
DA:61,9
DA:62,9
DA:63,9
DA:64,9
DA:65,9
DA:66,18
DA:67,1
DA:68,1
DA:69,5
DA:70,5
DA:71,5
DA:72,4
DA:73,4
DA:74,5
DA:75,5
DA:76,14
DA:77,5
DA:78,5
DA:79,5
DA:80,1
DA:81,1
DA:82,6
DA:83,6
DA:84,6
DA:85,12
DA:86,12
DA:87,12
DA:88,6
DA:89,6
DA:90,6
LF:90
LH:90
BRDA:1,0,0,1
BRDA:6,1,0,12
BRDA:9,2,0,48
BRDA:11,3,0,42
BRDA:12,4,0,6
BRDA:14,5,0,0
BRDA:21,6,0,6
BRDA:24,7,0,3
BRDA:25,8,0,1
BRDA:28,9,0,1
BRDA:33,10,0,1
BRDA:34,11,0,2
BRDA:45,12,0,18
BRDA:46,13,0,1
BRDA:47,14,0,17
BRDA:51,15,0,4
BRDA:51,16,0,1
BRDA:51,17,0,3
BRDA:52,18,0,13
BRDA:53,19,0,4
BRDA:53,20,0,9
BRDA:56,21,0,18
BRDA:57,22,0,9
BRDA:61,23,0,6
BRDA:61,24,0,2
BRDA:61,25,0,4
BRDA:62,26,0,3
BRDA:68,27,0,5
BRDA:70,28,0,1
BRDA:71,29,0,4
BRDA:72,30,0,0
BRDA:75,31,0,14
BRDA:76,32,0,12
BRDA:81,33,0,6
BRDA:84,34,0,12
BRDA:85,35,0,12
BRDA:86,36,0,6
BRDA:86,37,0,6
BRF:38
BRH:36
end_of_record
TN:
SF:src/main/js/gh.js
FN:9,ghRelease
FNF:1
FNH:1
FNDA:3,ghRelease
DA:1,1
DA:2,1
DA:3,1
DA:4,1
DA:5,1
DA:6,1
DA:7,1
DA:8,1
DA:9,1
DA:10,3
DA:11,3
DA:12,3
DA:13,3
DA:14,0
DA:15,0
DA:16,0
DA:17,0
DA:18,0
DA:19,0
DA:20,0
DA:21,0
DA:22,0
DA:23,0
DA:24,0
DA:25,0
DA:26,3
DA:27,1
DA:28,1
DA:29,3
DA:30,3
DA:31,2
DA:32,2
DA:33,2
DA:34,3
DA:35,3
DA:36,3
DA:37,3
DA:38,3
DA:39,3
DA:40,3
DA:41,3
DA:42,3
DA:43,3
DA:44,3
DA:45,3
DA:46,3
DA:47,3
DA:48,3
DA:49,1
LF:49
LH:37
BRDA:1,0,0,1
BRDA:9,1,0,3
BRDA:14,2,0,0
BRDA:28,3,0,3
BRDA:30,4,0,1
BRDA:31,5,0,2
BRDA:34,6,0,0
BRDA:49,7,0,2
BRF:8
BRH:6
end_of_record
TN:
SF:src/main/js/git.js
FN:5,async.cwd.cwd
FN:20,pushCommit
FN:58,getSha
FN:83,getCommits
FN:97,getTags
FNF:5
FNH:5
FNDA:3,async.cwd.cwd
FNDA:6,pushCommit
FNDA:6,getSha
FNDA:8,getCommits
FNDA:9,getTags
DA:1,1
DA:2,1
DA:3,1
DA:4,1
DA:5,1
DA:6,3
DA:7,3
DA:8,3
DA:9,3
DA:10,3
DA:11,3
DA:12,3
DA:13,3
DA:14,3
DA:15,3
DA:16,3
DA:17,3
DA:18,1
DA:19,1
DA:20,1
DA:21,6
DA:22,6
DA:23,6
DA:24,6
DA:25,6
DA:26,6
DA:27,3
DA:28,3
DA:29,3
DA:30,6
DA:31,6
DA:32,6
DA:33,6
DA:34,6
DA:35,6
DA:36,6
DA:37,6
DA:38,1
DA:39,1
DA:40,1
DA:41,5
DA:42,5
DA:43,5
DA:44,5
DA:45,5
DA:46,0
DA:47,0
DA:48,0
DA:49,0
DA:50,0
DA:51,0
DA:52,0
DA:53,0
DA:54,0
DA:55,5
DA:56,6
DA:57,1
DA:58,1
DA:59,1
DA:60,1
DA:61,1
DA:62,1
DA:63,1
DA:64,1
DA:65,1
DA:66,1
DA:67,1
DA:68,1
DA:69,1
DA:70,1
DA:71,1
DA:72,1
DA:73,1
DA:74,1
DA:75,1
DA:76,1
DA:77,1
DA:78,1
DA:79,1
DA:80,1
DA:81,1
DA:82,1
DA:83,1
DA:84,8
DA:85,8
DA:86,8
DA:87,8
DA:88,8
DA:89,8
DA:90,8
DA:91,8
DA:92,12
DA:93,12
DA:94,8
DA:95,8
DA:96,1
DA:97,1
DA:98,9
DA:99,9
DA:100,9
LF:100
LH:91
BRDA:1,0,0,1
BRDA:5,1,0,3
BRDA:5,2,0,3
BRDA:11,3,0,0
BRDA:18,4,0,11
BRDA:20,5,0,6
BRDA:20,6,0,6
BRDA:26,7,0,3
BRDA:27,8,0,0
BRDA:30,9,0,2
BRDA:37,10,0,5
BRDA:37,11,0,1
BRDA:41,12,0,5
BRDA:45,13,0,0
BRDA:58,14,0,6
BRDA:60,15,0,3
BRDA:62,16,0,1
BRDA:66,17,0,0
BRDA:66,18,0,0
BRDA:67,19,0,0
BRDA:79,20,0,1
BRDA:80,21,0,1
BRDA:83,22,0,8
BRDA:83,23,0,8
BRDA:84,24,0,6
BRDA:84,25,0,2
BRDA:91,26,0,12
BRDA:92,27,0,48
BRDA:97,28,0,9
BRF:29
BRH:23
end_of_record
TN:
SF:src/main/js/index.js
FNF:0
FNH:0
DA:1,1
LF:1
LH:1
BRDA:1,0,0,1
BRF:1
BRH:1
end_of_record
TN:
SF:src/main/js/log.js
FN:4,log
FN:9,createReport
FN:26,get
FN:32,set
FN:40,setStatus
FN:45,getStatus
FN:48,log
FN:59,save
FNF:8
FNH:6
FNDA:39,log
FNDA:3,createReport
FNDA:0,get
FNDA:56,set
FNDA:26,setStatus
FNDA:0,getStatus
FNDA:50,log
FNDA:26,save
DA:1,1
DA:2,1
DA:3,1
DA:4,1
DA:5,39
DA:6,39
DA:7,39
DA:8,1
DA:9,1
DA:10,3
DA:11,3
DA:12,3
DA:13,3
DA:14,3
DA:15,3
DA:16,3
DA:17,6
DA:18,6
DA:19,6
DA:20,6
DA:21,6
DA:22,6
DA:23,6
DA:24,6
DA:25,3
DA:26,3
DA:27,0
DA:28,0
DA:29,0
DA:30,0
DA:31,3
DA:32,3
DA:33,56
DA:34,56
DA:35,56
DA:36,56
DA:37,56
DA:38,56
DA:39,3
DA:40,3
DA:41,26
DA:42,26
DA:43,26
DA:44,3
DA:45,3
DA:46,0
DA:47,3
DA:48,3
DA:49,50
DA:50,50
DA:51,50
DA:52,50
DA:53,50
DA:54,50
DA:55,50
DA:56,50
DA:57,50
DA:58,3
DA:59,3
DA:60,26
DA:61,26
DA:62,26
DA:63,3
LF:63
LH:58
BRDA:1,0,0,1
BRDA:4,1,0,39
BRDA:6,2,0,38
BRDA:7,3,0,1
BRDA:9,4,0,3
BRDA:12,5,0,2
BRDA:16,6,0,6
BRDA:32,7,0,56
BRDA:34,8,0,50
BRDA:34,9,0,6
BRDA:40,10,0,26
BRDA:48,11,0,50
BRDA:49,12,0,50
BRDA:50,13,0,34
BRDA:50,14,0,16
BRDA:50,15,0,13
BRDA:51,16,0,62
BRDA:51,17,0,50
BRDA:51,18,0,12
BRDA:59,19,0,26
BRDA:60,20,0,8
BRF:21
BRH:21
end_of_record
TN:
SF:src/main/js/meta.js
FN:10,pushTag
FN:48,getLatest
FN:60,parse
FN:74,format
FN:85,parse
FN:99,format
FN:111,parse
FN:137,parseTag
FN:139,formatTag
FN:141,getTags
FN:147,getLatestTag
FN:150,getLatestTaggedVersion
FN:153,formatDateTag
FN:155,parseDateTag
FN:157,getArtifactPath
FN:159,getLatestMeta
FNF:16
FNH:16
FNDA:3,pushTag
FNDA:6,getLatest
FNDA:36,parse
FNDA:18,format
FNDA:17,parse
FNDA:1,format
FNDA:13,parse
FNDA:36,parseTag
FNDA:18,formatTag
FNDA:9,getTags
FNDA:8,getLatestTag
FNDA:2,getLatestTaggedVersion
FNDA:18,formatDateTag
FNDA:23,parseDateTag
FNDA:11,getArtifactPath
FNDA:6,getLatestMeta
DA:1,1
DA:2,1
DA:3,1
DA:4,1
DA:5,1
DA:6,1
DA:7,1
DA:8,1
DA:9,1
DA:10,1
DA:11,3
DA:12,3
DA:13,3
DA:14,3
DA:15,3
DA:16,3
DA:17,3
DA:18,3
DA:19,3
DA:20,3
DA:21,3
DA:22,3
DA:23,1
DA:24,1
DA:25,3
DA:26,3
DA:27,3
DA:28,3
DA:29,3
DA:30,3
DA:31,3
DA:32,3
DA:33,3
DA:34,3
DA:35,3
DA:36,3
DA:37,3
DA:38,3
DA:39,3
DA:40,3
DA:41,3
DA:42,3
DA:43,3
DA:44,3
DA:45,3
DA:46,1
DA:47,1
DA:48,1
DA:49,6
DA:50,6
DA:51,6
DA:52,4
DA:53,4
DA:54,4
DA:55,4
DA:56,4
DA:57,6
DA:58,1
DA:59,1
DA:60,1
DA:61,36
DA:62,21
DA:63,21
DA:64,36
DA:65,36
DA:66,36
DA:67,36
DA:68,19
DA:69,19
DA:70,36
DA:71,36
DA:72,36
DA:73,1
DA:74,1
DA:75,18
DA:76,17
DA:77,17
DA:78,17
DA:79,17
DA:80,17
DA:81,18
DA:82,1
DA:83,1
DA:84,1
DA:85,1
DA:86,17
DA:87,4
DA:88,4
DA:89,17
DA:90,17
DA:91,17
DA:92,17
DA:93,4
DA:94,4
DA:95,4
DA:96,4
DA:97,4
DA:98,1
DA:99,1
DA:100,1
DA:101,1
DA:102,1
DA:103,1
DA:104,1
DA:105,1
DA:106,1
DA:107,1
DA:108,1
DA:109,1
DA:110,1
DA:111,1
DA:112,13
DA:113,13
DA:114,13
DA:115,13
DA:116,1
DA:117,1
DA:118,1
DA:119,1
DA:120,1
DA:121,1
DA:122,1
DA:123,1
DA:124,1
DA:125,1
DA:126,1
DA:127,1
DA:128,1
DA:129,1
DA:130,1
DA:131,1
DA:132,1
DA:133,1
DA:134,1
DA:135,1
DA:136,1
DA:137,1
DA:138,1
DA:139,1
DA:140,1
DA:141,1
DA:142,9
DA:143,9
DA:144,9
DA:145,9
DA:146,1
DA:147,1
DA:148,8
DA:149,1
DA:150,1
DA:151,2
DA:152,1
DA:153,1
DA:154,1
DA:155,1
DA:156,1
DA:157,1
DA:158,1
DA:159,1
DA:160,6
DA:161,4
DA:162,4
DA:163,4
DA:164,4
DA:165,4
DA:166,4
DA:167,4
DA:168,6
DA:169,2
DA:170,2
DA:171,6
LF:171
LH:171
BRDA:1,0,0,1
BRDA:10,1,0,3
BRDA:10,2,0,3
BRDA:24,3,0,3
BRDA:48,4,0,6
BRDA:51,5,0,4
BRDA:51,6,0,4
BRDA:60,7,0,36
BRDA:61,8,0,15
BRDA:62,9,0,21
BRDA:64,10,0,1
BRDA:67,11,0,2
BRDA:68,12,0,19
BRDA:70,13,0,1
BRDA:70,14,0,18
BRDA:74,15,0,18
BRDA:75,16,0,17
BRDA:75,17,0,1
BRDA:76,18,0,17
BRDA:85,19,0,17
BRDA:86,20,0,13
BRDA:87,21,0,4
BRDA:89,22,0,0
BRDA:92,23,0,0
BRDA:93,24,0,4
BRDA:99,25,0,1
BRDA:100,26,0,0
BRDA:111,27,0,13
BRDA:113,28,0,12
BRDA:115,29,0,12
BRDA:116,30,0,1
BRDA:137,31,0,36
BRDA:137,32,0,17
BRDA:137,33,0,13
BRDA:137,34,0,12
BRDA:139,35,0,18
BRDA:139,36,0,1
BRDA:139,37,0,0
BRDA:141,38,0,9
BRDA:143,39,0,28
BRDA:145,40,0,12
BRDA:147,41,0,8
BRDA:148,42,0,2
BRDA:148,43,0,11
BRDA:150,44,0,2
BRDA:151,45,0,0
BRDA:153,46,0,18
BRDA:155,47,0,23
BRDA:157,48,0,11
BRDA:159,49,0,6
BRDA:160,50,0,2
BRDA:161,51,0,4
BRDA:168,52,0,2
BRF:53
BRH:48
end_of_record
TN:
SF:src/main/js/npm.js
FN:4,fetchPkg
FN:21,fetchManifest
FN:37,npmPublish
FN:52,getTarballUrl
FN:54,getManifestUrl
FN:56,getBearerToken
FN:64,getAuthToken
FNF:7
FNH:6
FNDA:2,fetchPkg
FNDA:6,fetchManifest
FNDA:3,npmPublish
FNDA:2,getTarballUrl
FNDA:6,getManifestUrl
FNDA:8,getBearerToken
FNDA:0,getAuthToken
DA:1,1
DA:2,1
DA:3,1
DA:4,1
DA:5,2
DA:6,2
DA:7,2
DA:8,2
DA:9,2
DA:10,2
DA:11,2
DA:12,2
DA:13,2
DA:14,2
DA:15,2
DA:16,2
DA:17,0
DA:18,0
DA:19,2
DA:20,1
DA:21,1
DA:22,6
DA:23,6
DA:24,6
DA:25,6
DA:26,6
DA:27,6
DA:28,6
DA:29,1
DA:30,1
DA:31,6
DA:32,5
DA:33,0
DA:34,0
DA:35,6
DA:36,1
DA:37,1
DA:38,3
DA:39,3
DA:40,3
DA:41,3
DA:42,3
DA:43,3
DA:44,3
DA:45,3
DA:46,3
DA:47,3
DA:48,3
DA:49,3
DA:50,1
DA:51,1
DA:52,1
DA:53,1
DA:54,1
DA:55,1
DA:56,1
DA:57,8
DA:58,8
DA:59,8
DA:60,8
DA:61,8
DA:62,1
DA:63,1
DA:64,1
DA:65,0
LF:65
LH:60
BRDA:1,0,0,1
BRDA:4,1,0,2
BRDA:16,2,0,0
BRDA:21,3,0,6
BRDA:28,4,0,3
BRDA:28,5,0,2
BRDA:29,6,0,1
BRDA:31,7,0,5
BRDA:33,8,0,0
BRDA:37,9,0,3
BRDA:37,10,0,3
BRDA:39,11,0,0
BRDA:41,12,0,0
BRDA:52,13,0,2
BRDA:54,14,0,6
BRDA:56,15,0,8
BRDA:58,16,0,0
BRF:17
BRH:12
end_of_record
TN:
SF:src/main/js/processor.js
FN:15,run
FN:26,cb
FN:41,cb
FN:71,runCmd
FN:76,quote
FN:80,createContext
FN:100,contextify
FNF:7
FNH:7
FNDA:3,run
FNDA:6,cb
FNDA:6,cb
FNDA:13,runCmd
FNDA:12,quote
FNDA:3,createContext
FNDA:6,contextify
DA:1,1
DA:2,1
DA:3,1
DA:4,1
DA:5,1
DA:6,1
DA:7,1
DA:8,1
DA:9,1
DA:10,1
DA:11,1
DA:12,1
DA:13,1
DA:14,1
DA:15,1
DA:16,3
DA:17,3
DA:18,3
DA:19,3
DA:20,3
DA:21,3
DA:22,3
DA:23,3
DA:24,3
DA:25,3
DA:26,3
DA:27,6
DA:28,6
DA:29,6
DA:30,6
DA:31,6
DA:32,6
DA:33,6
DA:34,6
DA:35,6
DA:36,6
DA:37,3
DA:38,3
DA:39,3
DA:40,3
DA:41,3
DA:42,6
DA:43,6
DA:44,6
DA:45,1
DA:46,1
DA:47,1
DA:48,5
DA:49,5
DA:50,5
DA:51,5
DA:52,6
DA:53,3
DA:54,3
DA:55,3
DA:56,5
DA:57,5
DA:58,3
DA:59,3
DA:60,0
DA:61,0
DA:62,0
DA:63,0
DA:64,0
DA:65,0
DA:66,3
DA:67,3
DA:68,3
DA:69,3
DA:70,1
DA:71,1
DA:72,13
DA:73,13
DA:74,13
DA:75,12
DA:76,12
DA:77,12
DA:78,13
DA:79,1
DA:80,1
DA:81,3
DA:82,3
DA:83,3
DA:84,3
DA:85,3
DA:86,3
DA:87,3
DA:88,3
DA:89,3
DA:90,3
DA:91,3
DA:92,3
DA:93,3
DA:94,3
DA:95,3
DA:96,3
DA:97,3
DA:98,1
DA:99,1
DA:100,1
DA:101,6
DA:102,6
DA:103,6
DA:104,6
DA:105,6
DA:106,6
DA:107,6
DA:108,6
DA:109,6
DA:110,6
DA:111,6
DA:112,1
DA:113,1
DA:114,6
DA:115,6
DA:116,6
DA:117,6
DA:118,6
DA:119,6
DA:120,6
DA:121,6
DA:122,6
DA:123,6
DA:124,5
DA:125,5
DA:126,5
DA:127,6
DA:128,6
DA:129,1
DA:130,1
DA:131,1
DA:132,3
DA:133,3
DA:134,3
DA:135,3
DA:136,3
DA:137,3
DA:138,3
DA:139,0
DA:140,0
DA:141,3
DA:142,3
DA:143,3
DA:144,3
DA:145,3
DA:146,3
DA:147,3
DA:148,3
DA:149,3
DA:150,3
DA:151,3
DA:152,3
DA:153,3
DA:154,3
DA:155,1
LF:155
LH:147
BRDA:1,0,0,1
BRDA:15,1,0,3
BRDA:15,2,0,3
BRDA:59,3,0,0
BRDA:26,4,0,6
BRDA:34,5,0,4
BRDA:34,6,0,2
BRDA:41,7,0,6
BRDA:44,8,0,1
BRDA:48,9,0,5
BRDA:52,10,0,3
BRDA:52,11,0,3
BRDA:56,12,0,5
BRDA:71,13,0,13
BRDA:74,14,0,12
BRDA:76,15,0,12
BRDA:80,16,0,3
BRDA:100,17,0,6
BRDA:113,18,0,6
BRDA:113,19,0,6
BRDA:118,20,0,1
BRDA:118,21,0,1
BRDA:119,22,0,1
BRDA:120,23,0,5
BRDA:123,24,0,5
BRDA:117,25,0,3
BRDA:131,26,0,3
BRDA:131,27,0,3
BRDA:138,28,0,0
BRF:29
BRH:27
end_of_record
TN:
SF:src/main/js/util.js
FN:1,tpl
FN:4,get
FN:15,set
FN:31,msgJoin
FN:33,keyByValue
FN:35,memoizeBy
FN:35,getKey
FN:46,camelize
FNF:8
FNH:6
FNDA:68,tpl
FNDA:36,get
FNDA:58,set
FNDA:3,msgJoin
FNDA:0,keyByValue
FNDA:6,memoizeBy
FNDA:33,getKey
FNDA:0,camelize
DA:1,1
DA:2,68
DA:3,1
DA:4,1
DA:5,36
DA:6,36
DA:7,36
DA:8,36
DA:9,45
DA:10,45
DA:11,36
DA:12,36
DA:13,36
DA:14,1
DA:15,1
DA:16,58
DA:17,58
DA:18,58
DA:19,58
DA:20,61
DA:21,58
DA:22,61
DA:23,3
DA:24,3
DA:25,3
DA:26,61
DA:27,58
DA:28,58
DA:29,58
DA:30,1
DA:31,1
DA:32,1
DA:33,1
DA:34,1
DA:35,1
DA:36,48
DA:37,48
DA:38,31
DA:39,31
DA:40,17
DA:41,17
DA:42,17
DA:43,17
DA:44,48
DA:45,1
DA:46,1
LF:46
LH:46
BRDA:1,0,0,1
BRDA:1,1,0,68
BRDA:2,2,0,67
BRDA:2,3,0,32
BRDA:2,4,0,2
BRDA:4,5,0,36
BRDA:8,6,0,45
BRDA:8,7,0,45
BRDA:8,8,0,45
BRDA:15,9,0,58
BRDA:19,10,0,61
BRDA:19,11,0,61
BRDA:19,12,0,61
BRDA:20,13,0,58
BRDA:22,14,0,3
BRDA:23,15,0,1
BRDA:31,16,0,3
BRDA:35,17,0,6
BRDA:35,18,0,33
BRDA:35,19,0,48
BRDA:37,20,0,31
BRDA:40,21,0,17
BRF:22
BRH:22
end_of_record
TN:
SF:src/test/js/test-utils.js
FN:7,createNpmRegistry
FN:12,start
FN:22,stop
FN:29,createFakeRepo
FN:43,addCommits
FNF:5
FNH:5
FNDA:1,createNpmRegistry
FNDA:1,start
FNDA:1,stop
FNDA:3,createFakeRepo
FNDA:4,addCommits
DA:1,1
DA:2,1
DA:3,1
DA:4,1
DA:5,1
DA:6,1
DA:7,1
DA:8,1
DA:9,1
DA:10,1
DA:11,1
DA:12,1
DA:13,1
DA:14,1
DA:15,1
DA:16,1
DA:17,1
DA:18,1
DA:19,1
DA:20,1
DA:21,1
DA:22,1
DA:23,1
DA:24,1
DA:25,1
DA:26,1
DA:27,1
DA:28,1
DA:29,1
DA:30,3
DA:31,3
DA:32,3
DA:33,3
DA:34,3
DA:35,3
DA:36,3
DA:37,3
DA:38,3
DA:39,3
DA:40,3
DA:41,3
DA:42,1
DA:43,1
DA:44,4
DA:45,4
DA:46,4
DA:47,22
DA:48,22
DA:49,22
DA:50,30
DA:51,30
DA:52,30
DA:53,30
DA:54,30
DA:55,30
DA:56,22
DA:57,22
DA:58,22
DA:59,22
DA:60,5
DA:61,5
DA:62,22
DA:63,4
LF:63
LH:63
BRDA:1,0,0,1
BRDA:7,1,0,1
BRDA:12,2,0,1
BRDA:15,3,0,1
BRDA:22,4,0,1
BRDA:29,5,0,3
BRDA:30,6,0,3
BRDA:43,7,0,4
BRDA:43,8,0,4
BRDA:46,9,0,22
BRDA:49,10,0,30
BRDA:50,11,0,21
BRDA:50,12,0,9
BRDA:59,13,0,5
BRF:14
BRH:14
end_of_record
