TN:
SF:src/main/js/analyze.js
FN:7,analyze
FN:43,getSemanticChanges
FN:49,analyzeCommits
FN:71,getNextReleaseType
FN:75,getNextVersion
FN:80,resolvePkgVersion
FNF:6
FNH:6
FNDA:8,analyze
FNDA:8,getSemanticChanges
FNDA:9,analyzeCommits
FNDA:8,getNextReleaseType
FNDA:11,getNextVersion
FNDA:12,resolvePkgVersion
DA:1,2
DA:2,2
DA:3,2
DA:4,2
DA:5,2
DA:6,2
DA:7,2
DA:8,8
DA:9,8
DA:10,8
DA:11,8
DA:12,8
DA:13,8
DA:14,8
DA:15,8
DA:16,8
DA:17,8
DA:18,8
DA:19,8
DA:20,8
DA:21,8
DA:22,8
DA:23,8
DA:24,8
DA:25,8
DA:26,8
DA:27,8
DA:28,8
DA:29,8
DA:30,8
DA:31,8
DA:32,8
DA:33,8
DA:34,8
DA:35,2
DA:36,2
DA:37,2
DA:38,2
DA:39,2
DA:40,2
DA:41,2
DA:42,2
DA:43,2
DA:44,8
DA:45,8
DA:46,8
DA:47,8
DA:48,2
DA:49,2
DA:50,9
DA:51,12
DA:52,36
DA:53,36
DA:54,36
DA:55,36
DA:56,36
DA:57,12
DA:58,12
DA:59,12
DA:60,12
DA:61,12
DA:62,12
DA:63,12
DA:64,12
DA:65,12
DA:66,12
DA:67,12
DA:68,12
DA:69,9
DA:70,2
DA:71,2
DA:72,8
DA:73,8
DA:74,2
DA:75,2
DA:76,11
DA:77,11
DA:78,11
DA:79,2
DA:80,2
DA:81,12
DA:82,12
DA:83,12
LF:83
LH:83
BRDA:1,0,0,2
BRDA:7,1,0,8
BRDA:8,2,0,6
BRDA:12,3,0,2
BRDA:12,4,0,6
BRDA:13,5,0,6
BRDA:13,6,0,2
BRDA:13,7,0,0
BRDA:23,8,0,2
BRDA:25,9,0,7
BRDA:25,10,0,1
BRDA:43,11,0,8
BRDA:49,12,0,9
BRDA:50,13,0,12
BRDA:51,14,0,36
BRDA:52,15,0,24
BRDA:53,16,0,12
BRDA:54,17,0,23
BRDA:54,18,0,25
BRDA:54,19,0,14
BRDA:56,20,0,12
BRDA:71,21,0,8
BRDA:72,22,0,7
BRDA:73,23,0,1
BRDA:72,24,0,18
BRDA:72,25,0,24
BRDA:75,26,0,11
BRDA:77,27,0,7
BRDA:78,28,0,4
BRDA:80,29,0,12
BRDA:82,30,0,11
BRDA:83,31,0,1
BRDA:83,32,0,0
BRF:33
BRH:31
end_of_record
TN:
SF:src/main/js/changelog.js
FN:24,formatReleaseNotes
FNF:1
FNH:1
FNDA:1,formatReleaseNotes
DA:1,2
DA:2,2
DA:3,2
DA:4,2
DA:5,2
DA:6,2
DA:7,2
DA:8,2
DA:9,3
DA:10,3
DA:11,1
DA:12,1
DA:13,1
DA:14,1
DA:15,3
DA:16,3
DA:17,1
DA:18,1
DA:19,1
DA:20,1
DA:21,1
DA:22,2
DA:23,2
DA:24,2
DA:25,1
DA:26,1
DA:27,1
DA:28,1
DA:29,1
DA:30,1
DA:31,1
DA:32,1
DA:33,1
DA:34,1
DA:35,1
DA:36,1
DA:37,1
DA:38,1
DA:39,1
DA:40,1
DA:41,1
DA:42,1
LF:42
LH:42
BRDA:1,0,0,2
BRDA:8,1,0,3
BRDA:10,2,0,2
BRDA:11,3,0,1
BRDA:15,4,0,0
BRDA:17,5,0,1
BRDA:24,6,0,1
BRDA:29,7,0,1
BRDA:31,8,0,0
BRDA:37,9,0,1
BRF:10
BRH:8
end_of_record
TN:
SF:src/main/js/cli.js
FNF:0
FNH:0
DA:1,1
DA:2,1
DA:3,1
DA:4,1
DA:5,1
DA:6,1
DA:7,1
LF:7
LH:7
BRDA:1,0,0,1
BRF:1
BRH:1
end_of_record
TN:
SF:src/main/js/config.js
FN:26,getPkgConfig
FN:31,normalizePkgConfig
FN:37,get ghBasicAuth
FN:42,parseEnv
FN:54,normalizeFlags
FNF:5
FNH:5
FNDA:8,getPkgConfig
FNDA:8,normalizePkgConfig
FNDA:34,get ghBasicAuth
FNDA:10,parseEnv
FNDA:1,normalizeFlags
DA:1,2
DA:2,2
DA:3,2
DA:4,2
DA:5,2
DA:6,2
DA:7,2
DA:8,2
DA:9,2
DA:10,2
DA:11,2
DA:12,2
DA:13,2
DA:14,2
DA:15,2
DA:16,2
DA:17,2
DA:18,2
DA:19,2
DA:20,2
DA:21,2
DA:22,2
DA:23,2
DA:24,2
DA:25,2
DA:26,2
DA:27,8
DA:28,8
DA:29,8
DA:30,2
DA:31,2
DA:32,8
DA:33,8
DA:34,8
DA:35,8
DA:36,8
DA:37,8
DA:38,34
DA:39,34
DA:40,8
DA:41,2
DA:42,2
DA:43,10
DA:44,10
DA:45,10
DA:46,10
DA:47,10
DA:48,10
DA:49,10
DA:50,10
DA:51,10
DA:52,10
DA:53,2
DA:54,2
LF:54
LH:54
BRDA:1,0,0,2
BRDA:26,1,0,8
BRDA:29,2,0,0
BRDA:28,3,0,16
BRDA:28,4,0,16
BRDA:28,5,0,8
BRDA:31,6,0,8
BRDA:35,7,0,0
BRDA:36,8,0,0
BRDA:37,9,0,34
BRDA:38,10,0,0
BRDA:38,11,0,0
BRDA:42,12,0,10
BRDA:49,13,0,0
BRDA:54,14,0,1
BRDA:54,15,0,2
BRF:16
BRH:10
end_of_record
TN:
SF:src/main/js/deps.js
FN:6,updateDeps
FN:10,cb
FN:31,resolveNextVersion
FN:42,subsWorkspace
FN:54,topo
FN:61,depFilter
FN:62,pkgFilter
FNF:7
FNH:7
FNDA:8,updateDeps
FNDA:4,cb
FNDA:19,resolveNextVersion
FNDA:19,subsWorkspace
FNDA:6,topo
FNDA:3,depFilter
FNDA:16,pkgFilter
DA:1,2
DA:2,2
DA:3,2
DA:4,2
DA:5,2
DA:6,2
DA:7,8
DA:8,8
DA:9,8
DA:10,8
DA:11,4
DA:12,4
DA:13,4
DA:14,4
DA:15,4
DA:16,4
DA:17,4
DA:18,4
DA:19,4
DA:20,3
DA:21,3
DA:22,3
DA:23,3
DA:24,3
DA:25,3
DA:26,8
DA:27,8
DA:28,8
DA:29,8
DA:30,2
DA:31,2
DA:32,19
DA:33,18
DA:34,18
DA:35,18
DA:36,18
DA:37,19
DA:38,14
DA:39,19
DA:40,19
DA:41,2
DA:42,2
DA:43,19
DA:44,12
DA:45,12
DA:46,12
DA:47,12
DA:48,12
DA:49,12
DA:50,7
DA:51,7
DA:52,19
DA:53,2
DA:54,2
DA:55,6
DA:56,6
DA:57,6
DA:58,5
DA:59,5
DA:60,6
DA:61,6
DA:62,6
DA:63,16
DA:64,6
DA:65,6
DA:66,6
LF:66
LH:66
BRDA:1,0,0,2
BRDA:6,1,0,8
BRDA:10,2,0,4
BRDA:11,3,0,2
BRDA:14,4,0,3
BRDA:14,5,0,1
BRDA:19,6,0,1
BRDA:20,7,0,3
BRDA:31,8,0,19
BRDA:32,9,0,1
BRDA:33,10,0,18
BRDA:37,11,0,4
BRDA:37,12,0,1
BRDA:37,13,0,3
BRDA:38,14,0,14
BRDA:39,15,0,4
BRDA:39,16,0,10
BRDA:42,17,0,19
BRDA:43,18,0,12
BRDA:47,19,0,9
BRDA:47,20,0,2
BRDA:47,21,0,7
BRDA:48,22,0,3
BRDA:50,23,0,7
BRDA:54,24,0,6
BRDA:56,25,0,1
BRDA:57,26,0,5
BRDA:58,27,0,0
BRDA:61,28,0,3
BRDA:61,29,0,3
BRDA:61,30,0,3
BRDA:62,31,0,16
BRDA:63,32,0,14
BRF:33
BRH:32
end_of_record
TN:
SF:src/main/js/gh.js
FN:10,ghRelease
FN:62,ghPrepareAssets
FN:84,ghUploadAssets
FNF:3
FNH:2
FNDA:3,ghRelease
FNDA:1,ghPrepareAssets
FNDA:0,ghUploadAssets
DA:1,2
DA:2,2
DA:3,2
DA:4,2
DA:5,2
DA:6,2
DA:7,2
DA:8,2
DA:9,2
DA:10,2
DA:11,3
DA:12,3
DA:13,0
DA:14,0
DA:15,0
DA:16,0
DA:17,0
DA:18,0
DA:19,0
DA:20,0
DA:21,0
DA:22,0
DA:23,0
DA:24,0
DA:25,0
DA:26,0
DA:27,0
DA:28,0
DA:29,0
DA:30,0
DA:31,0
DA:32,0
DA:33,0
DA:34,0
DA:35,0
DA:36,3
DA:37,2
DA:38,2
DA:39,3
DA:40,3
DA:41,2
DA:42,2
DA:43,2
DA:44,3
DA:45,3
DA:46,3
DA:47,3
DA:48,3
DA:49,3
DA:50,3
DA:51,3
DA:52,3
DA:53,3
DA:54,3
DA:55,3
DA:56,3
DA:57,3
DA:58,3
DA:59,2
DA:60,2
DA:61,2
DA:62,2
DA:63,1
DA:64,1
DA:65,1
DA:66,5
DA:67,5
DA:68,5
DA:69,2
DA:70,2
DA:71,5
DA:72,5
DA:73,2
DA:74,2
DA:75,2
DA:76,3
DA:77,3
DA:78,5
DA:79,1
DA:80,1
DA:81,1
DA:82,1
DA:83,2
DA:84,2
DA:85,0
DA:86,0
DA:87,0
DA:88,0
DA:89,0
DA:90,0
DA:91,0
LF:91
LH:61
BRDA:1,0,0,2
BRDA:10,1,0,3
BRDA:13,2,0,0
BRDA:38,3,0,3
BRDA:40,4,0,1
BRDA:41,5,0,2
BRDA:44,6,0,0
BRDA:59,7,0,2
BRDA:62,8,0,1
BRDA:65,9,0,5
BRDA:68,10,0,2
BRDA:72,11,0,2
BRDA:72,12,0,2
BRDA:76,13,0,3
BRDA:78,14,0,0
BRDA:68,15,0,5
BRDA:78,16,0,5
BRF:17
BRH:14
end_of_record
TN:
SF:src/main/js/git.js
FN:5,async.cwd.cwd
FN:20,pushCommit
FN:58,getSha
FN:83,getCommits
FN:97,getTags
FN:102,pushTag
FN:116,unsetUserConfig
FNF:7
FNH:7
FNDA:3,async.cwd.cwd
FNDA:6,pushCommit
FNDA:8,getSha
FNDA:10,getCommits
FNDA:11,getTags
FNDA:3,pushTag
FNDA:4,unsetUserConfig
DA:1,2
DA:2,2
DA:3,2
DA:4,2
DA:5,2
DA:6,3
DA:7,3
DA:8,3
DA:9,3
DA:10,3
DA:11,3
DA:12,3
DA:13,3
DA:14,3
DA:15,3
DA:16,3
DA:17,3
DA:18,2
DA:19,2
DA:20,2
DA:21,6
DA:22,6
DA:23,6
DA:24,6
DA:25,6
DA:26,6
DA:27,3
DA:28,3
DA:29,3
DA:30,6
DA:31,6
DA:32,6
DA:33,6
DA:34,6
DA:35,6
DA:36,6
DA:37,1
DA:38,1
DA:39,1
DA:40,5
DA:41,5
DA:42,5
DA:43,5
DA:44,5
DA:45,0
DA:46,0
DA:47,0
DA:48,0
DA:49,0
DA:50,0
DA:51,0
DA:52,0
DA:53,0
DA:54,0
DA:55,5
DA:56,6
DA:57,2
DA:58,2
DA:59,2
DA:60,2
DA:61,2
DA:62,2
DA:63,1
DA:64,1
DA:65,1
DA:66,1
DA:67,1
DA:68,1
DA:69,1
DA:70,1
DA:71,1
DA:72,1
DA:73,1
DA:74,1
DA:75,1
DA:76,1
DA:77,2
DA:78,2
DA:79,2
DA:80,1
DA:81,2
DA:82,2
DA:83,2
DA:84,10
DA:85,10
DA:86,10
DA:87,10
DA:88,10
DA:89,10
DA:90,10
DA:91,10
DA:92,13
DA:93,13
DA:94,10
DA:95,10
DA:96,2
DA:97,2
DA:98,11
DA:99,11
DA:100,11
DA:101,2
DA:102,2
DA:103,3
DA:104,3
DA:105,3
DA:106,3
DA:107,3
DA:108,2
DA:109,2
DA:110,2
DA:111,2
DA:112,4
DA:113,4
DA:114,2
DA:115,2
DA:116,2
DA:117,4
DA:118,4
LF:118
LH:108
BRDA:1,0,0,2
BRDA:5,1,0,3
BRDA:5,2,0,3
BRDA:11,3,0,0
BRDA:18,4,0,13
BRDA:20,5,0,6
BRDA:20,6,0,6
BRDA:26,7,0,3
BRDA:27,8,0,0
BRDA:30,9,0,2
BRDA:36,10,0,5
BRDA:36,11,0,1
BRDA:40,12,0,5
BRDA:44,13,0,0
BRDA:58,14,0,8
BRDA:60,15,0,3
BRDA:62,16,0,1
BRDA:66,17,0,0
BRDA:66,18,0,0
BRDA:67,19,0,0
BRDA:79,20,0,1
BRDA:80,21,0,1
BRDA:83,22,0,10
BRDA:83,23,0,10
BRDA:84,24,0,8
BRDA:84,25,0,2
BRDA:91,26,0,13
BRDA:92,27,0,52
BRDA:97,28,0,11
BRDA:102,29,0,3
BRDA:111,30,0,4
BRDA:116,31,0,4
BRF:32
BRH:26
end_of_record
TN:
SF:src/main/js/index.js
FNF:0
FNH:0
DA:1,2
LF:1
LH:1
BRDA:1,0,0,2
BRF:1
BRH:1
end_of_record
TN:
SF:src/main/js/log.js
FN:4,log
FN:9,createReport
FN:26,get
FN:32,set
FN:40,setStatus
FN:45,getStatus
FN:48,log
FN:59,save
FNF:8
FNH:6
FNDA:77,log
FNDA:4,createReport
FNDA:0,get
FNDA:76,set
FNDA:36,setStatus
FNDA:0,getStatus
FNDA:91,log
FNDA:36,save
DA:1,2
DA:2,2
DA:3,2
DA:4,2
DA:5,77
DA:6,77
DA:7,77
DA:8,2
DA:9,2
DA:10,4
DA:11,4
DA:12,4
DA:13,4
DA:14,4
DA:15,4
DA:16,4
DA:17,8
DA:18,8
DA:19,8
DA:20,8
DA:21,8
DA:22,8
DA:23,8
DA:24,8
DA:25,4
DA:26,4
DA:27,0
DA:28,0
DA:29,0
DA:30,0
DA:31,4
DA:32,4
DA:33,76
DA:34,76
DA:35,76
DA:36,76
DA:37,76
DA:38,76
DA:39,4
DA:40,4
DA:41,36
DA:42,36
DA:43,36
DA:44,4
DA:45,4
DA:46,0
DA:47,4
DA:48,4
DA:49,91
DA:50,91
DA:51,91
DA:52,91
DA:53,91
DA:54,91
DA:55,91
DA:56,91
DA:57,91
DA:58,4
DA:59,4
DA:60,36
DA:61,36
DA:62,36
DA:63,4
LF:63
LH:58
BRDA:1,0,0,2
BRDA:4,1,0,77
BRDA:6,2,0,75
BRDA:7,3,0,2
BRDA:9,4,0,4
BRDA:12,5,0,3
BRDA:16,6,0,8
BRDA:32,7,0,76
BRDA:34,8,0,68
BRDA:34,9,0,8
BRDA:40,10,0,36
BRDA:48,11,0,91
BRDA:49,12,0,91
BRDA:50,13,0,71
BRDA:50,14,0,20
BRDA:50,15,0,17
BRDA:51,16,0,171
BRDA:51,17,0,151
BRDA:51,18,0,20
BRDA:59,19,0,36
BRDA:60,20,0,8
BRF:21
BRH:21
end_of_record
TN:
SF:src/main/js/meta.js
FN:10,pushReleaseTag
FN:43,getLatest
FN:54,isSafeName
FN:58,parse
FN:72,format
FN:84,parse
FN:98,format
FN:111,parse
FN:119,format
FN:128,parse
FN:144,format
FN:158,getFormatter
FN:161,parse
FN:162,format
FN:173,parseTag
FN:175,formatTag
FN:177,getTags
FN:183,getLatestTag
FN:186,getLatestTaggedVersion
FN:189,formatDateTag
FN:191,parseDateTag
FN:193,getArtifactPath
FN:195,getLatestMeta
FNF:23
FNH:22
FNDA:3,pushReleaseTag
FNDA:8,getLatest
FNDA:13,isSafeName
FNDA:47,parse
FNDA:12,format
FNDA:20,parse
FNDA:1,format
FNDA:16,parse
FNDA:1,format
FNDA:15,parse
FNDA:1,format
FNDA:15,getFormatter
FNDA:0,parse
FNDA:9,format
FNDA:47,parseTag
FNDA:15,formatTag
FNDA:11,getTags
FNDA:10,getLatestTag
FNDA:2,getLatestTaggedVersion
FNDA:13,formatDateTag
FNDA:31,parseDateTag
FNDA:15,getArtifactPath
FNDA:8,getLatestMeta
DA:1,2
DA:2,2
DA:3,2
DA:4,2
DA:5,2
DA:6,2
DA:7,2
DA:8,2
DA:9,2
DA:10,2
DA:11,3
DA:12,3
DA:13,3
DA:14,3
DA:15,3
DA:16,3
DA:17,3
DA:18,3
DA:19,2
DA:20,2
DA:21,3
DA:22,3
DA:23,3
DA:24,3
DA:25,3
DA:26,3
DA:27,3
DA:28,3
DA:29,3
DA:30,3
DA:31,3
DA:32,3
DA:33,3
DA:34,3
DA:35,3
DA:36,3
DA:37,3
DA:38,3
DA:39,3
DA:40,3
DA:41,2
DA:42,2
DA:43,2
DA:44,8
DA:45,8
DA:46,8
DA:47,4
DA:48,4
DA:49,4
DA:50,4
DA:51,4
DA:52,8
DA:53,2
DA:54,2
DA:55,2
DA:56,2
DA:57,2
DA:58,2
DA:59,47
DA:60,29
DA:61,29
DA:62,47
DA:63,47
DA:64,47
DA:65,47
DA:66,27
DA:67,27
DA:68,47
DA:69,47
DA:70,47
DA:71,2
DA:72,2
DA:73,12
DA:74,12
DA:75,12
DA:76,12
DA:77,12
DA:78,12
DA:79,12
DA:80,2
DA:81,2
DA:82,2
DA:83,2
DA:84,2
DA:85,20
DA:86,4
DA:87,4
DA:88,20
DA:89,20
DA:90,20
DA:91,20
DA:92,4
DA:93,4
DA:94,4
DA:95,4
DA:96,4
DA:97,2
DA:98,2
DA:99,1
DA:100,1
DA:101,1
DA:102,1
DA:103,1
DA:104,1
DA:105,1
DA:106,1
DA:107,2
DA:108,2
DA:109,2
DA:110,2
DA:111,2
DA:112,16
DA:113,16
DA:114,16
DA:115,16
DA:116,1
DA:117,1
DA:118,2
DA:119,2
DA:120,1
DA:121,1
DA:122,1
DA:123,1
DA:124,2
DA:125,2
DA:126,2
DA:127,2
DA:128,2
DA:129,15
DA:130,2
DA:131,2
DA:132,15
DA:133,15
DA:134,15
DA:135,12
DA:136,12
DA:137,1
DA:138,1
DA:139,15
DA:140,15
DA:141,15
DA:142,15
DA:143,2
DA:144,2
DA:145,1
DA:146,1
DA:147,0
DA:148,0
DA:149,1
DA:150,1
DA:151,1
DA:152,1
DA:153,1
DA:154,1
DA:155,1
DA:156,2
DA:157,2
DA:158,2
DA:159,15
DA:160,9
DA:161,9
DA:162,9
DA:163,9
DA:164,9
DA:165,6
DA:166,15
DA:167,0
DA:168,0
DA:169,6
DA:170,6
DA:171,15
DA:172,2
DA:173,2
DA:174,2
DA:175,2
DA:176,2
DA:177,2
DA:178,11
DA:179,11
DA:180,11
DA:181,11
DA:182,2
DA:183,2
DA:184,10
DA:185,2
DA:186,2
DA:187,2
DA:188,2
DA:189,2
DA:190,2
DA:191,2
DA:192,2
DA:193,2
DA:194,2
DA:195,2
DA:196,8
DA:197,6
DA:198,6
DA:199,6
DA:200,6
DA:201,6
DA:202,6
DA:203,6
DA:204,8
DA:205,8
LF:205
LH:201
BRDA:1,0,0,2
BRDA:10,1,0,3
BRDA:20,2,0,3
BRDA:43,3,0,8
BRDA:46,4,0,6
BRDA:46,5,0,4
BRDA:54,6,0,13
BRDA:58,7,0,47
BRDA:59,8,0,18
BRDA:60,9,0,29
BRDA:62,10,0,1
BRDA:65,11,0,2
BRDA:66,12,0,27
BRDA:68,13,0,1
BRDA:68,14,0,26
BRDA:72,15,0,12
BRDA:73,16,0,0
BRDA:84,17,0,20
BRDA:85,18,0,16
BRDA:86,19,0,4
BRDA:88,20,0,0
BRDA:91,21,0,0
BRDA:92,22,0,4
BRDA:98,23,0,1
BRDA:99,24,0,0
BRDA:111,25,0,16
BRDA:113,26,0,15
BRDA:115,27,0,15
BRDA:116,28,0,1
BRDA:119,29,0,1
BRDA:120,30,0,0
BRDA:128,31,0,15
BRDA:129,32,0,13
BRDA:129,33,0,2
BRDA:132,34,0,13
BRDA:132,35,0,11
BRDA:134,36,0,2
BRDA:134,37,0,12
BRDA:137,38,0,1
BRDA:139,39,0,0
BRDA:139,40,0,1
BRDA:140,41,0,1
BRDA:140,42,0,0
BRDA:144,43,0,1
BRDA:146,44,0,0
BRDA:150,45,0,0
BRDA:152,46,0,0
BRDA:158,47,0,15
BRDA:159,48,0,9
BRDA:165,49,0,6
BRDA:166,50,0,0
BRDA:169,51,0,6
BRDA:162,52,0,9
BRDA:165,53,0,12
BRDA:173,54,0,47
BRDA:173,55,0,20
BRDA:173,56,0,16
BRDA:173,57,0,15
BRDA:173,58,0,14
BRDA:175,59,0,15
BRDA:175,60,0,9
BRDA:175,61,0,0
BRDA:175,62,0,0
BRDA:177,63,0,11
BRDA:179,64,0,38
BRDA:181,65,0,22
BRDA:183,66,0,10
BRDA:184,67,0,14
BRDA:186,68,0,2
BRDA:187,69,0,0
BRDA:189,70,0,13
BRDA:191,71,0,31
BRDA:193,72,0,15
BRDA:195,73,0,8
BRDA:196,74,0,2
BRDA:197,75,0,6
BRDA:204,76,0,2
BRF:77
BRH:63
end_of_record
TN:
SF:src/main/js/npm.js
FN:4,fetchPkg
FN:24,fetchManifest
FN:41,npmPersist
FN:47,npmRestore
FN:53,npmPublish
FN:66,getNpmrc
FN:78,getTarballUrl
FN:80,getManifestUrl
FN:82,getBearerToken
FN:90,getAuthToken
FNF:10
FNH:9
FNDA:2,fetchPkg
FNDA:6,fetchManifest
FNDA:5,npmPersist
FNDA:8,npmRestore
FNDA:5,npmPublish
FNDA:5,getNpmrc
FNDA:2,getTarballUrl
FNDA:6,getManifestUrl
FNDA:8,getBearerToken
FNDA:0,getAuthToken
DA:1,2
DA:2,2
DA:3,2
DA:4,2
DA:5,2
DA:6,2
DA:7,2
DA:8,2
DA:9,2
DA:10,2
DA:11,2
DA:12,2
DA:13,2
DA:14,2
DA:15,2
DA:16,2
DA:17,2
DA:18,2
DA:19,2
DA:20,0
DA:21,0
DA:22,2
DA:23,2
DA:24,2
DA:25,6
DA:26,6
DA:27,6
DA:28,6
DA:29,6
DA:30,6
DA:31,6
DA:32,6
DA:33,1
DA:34,1
DA:35,6
DA:36,5
DA:37,0
DA:38,0
DA:39,6
DA:40,2
DA:41,2
DA:42,5
DA:43,5
DA:44,5
DA:45,5
DA:46,2
DA:47,2
DA:48,8
DA:49,8
DA:50,8
DA:51,8
DA:52,2
DA:53,2
DA:54,5
DA:55,5
DA:56,5
DA:57,5
DA:58,5
DA:59,5
DA:60,5
DA:61,5
DA:62,5
DA:63,5
DA:64,5
DA:65,2
DA:66,2
DA:67,5
DA:68,0
DA:69,0
DA:70,5
DA:71,5
DA:72,5
DA:73,5
DA:74,5
DA:75,5
DA:76,2
DA:77,2
DA:78,2
DA:79,2
DA:80,2
DA:81,2
DA:82,2
DA:83,8
DA:84,8
DA:85,8
DA:86,8
DA:87,8
DA:88,2
DA:89,2
DA:90,2
DA:91,0
LF:91
LH:84
BRDA:1,0,0,2
BRDA:4,1,0,2
BRDA:13,2,0,1
BRDA:13,3,0,1
BRDA:19,4,0,0
BRDA:24,5,0,6
BRDA:28,6,0,4
BRDA:28,7,0,2
BRDA:32,8,0,2
BRDA:32,9,0,1
BRDA:35,10,0,5
BRDA:37,11,0,0
BRDA:41,12,0,5
BRDA:47,13,0,8
BRDA:53,14,0,5
BRDA:56,15,0,0
BRDA:60,16,0,2
BRDA:60,17,0,3
BRDA:63,18,0,0
BRDA:66,19,0,5
BRDA:67,20,0,0
BRDA:78,21,0,2
BRDA:80,22,0,6
BRDA:82,23,0,8
BRDA:84,24,0,0
BRDA:86,25,0,5
BRDA:86,26,0,3
BRF:27
BRH:21
end_of_record
TN:
SF:src/main/js/processor.js
FN:16,run
FN:33,cb
FN:48,cb
FN:80,runCmd
FN:86,quote
FN:93,createContext
FN:113,contextify
FN:131,cb
FN:177,clean
FNF:9
FNH:9
FNDA:5,run
FNDA:8,cb
FNDA:8,cb
FNDA:19,runCmd
FNDA:17,quote
FNDA:4,createContext
FNDA:8,contextify
FNDA:4,cb
FNDA:4,clean
DA:1,2
DA:2,2
DA:3,2
DA:4,2
DA:5,2
DA:6,2
DA:7,2
DA:8,2
DA:9,2
DA:10,2
DA:11,2
DA:12,2
DA:13,2
DA:14,2
DA:15,2
DA:16,2
DA:17,5
DA:18,5
DA:19,1
DA:20,1
DA:21,1
DA:22,4
DA:23,4
DA:24,4
DA:25,5
DA:26,5
DA:27,5
DA:28,5
DA:29,5
DA:30,5
DA:31,5
DA:32,5
DA:33,5
DA:34,8
DA:35,8
DA:36,8
DA:37,8
DA:38,8
DA:39,8
DA:40,8
DA:41,8
DA:42,8
DA:43,8
DA:44,5
DA:45,4
DA:46,4
DA:47,4
DA:48,4
DA:49,8
DA:50,8
DA:51,8
DA:52,1
DA:53,1
DA:54,1
DA:55,7
DA:56,7
DA:57,7
DA:58,7
DA:59,8
DA:60,5
DA:61,5
DA:62,5
DA:63,7
DA:64,7
DA:65,4
DA:66,4
DA:67,0
DA:68,0
DA:69,0
DA:70,0
DA:71,0
DA:72,4
DA:73,4
DA:74,4
DA:75,4
DA:76,4
DA:77,4
DA:78,5
DA:79,2
DA:80,2
DA:81,19
DA:82,19
DA:83,19
DA:84,19
DA:85,17
DA:86,17
DA:87,17
DA:88,17
DA:89,17
DA:90,17
DA:91,19
DA:92,2
DA:93,2
DA:94,4
DA:95,4
DA:96,4
DA:97,4
DA:98,4
DA:99,4
DA:100,4
DA:101,4
DA:102,4
DA:103,4
DA:104,4
DA:105,4
DA:106,4
DA:107,4
DA:108,4
DA:109,4
DA:110,4
DA:111,2
DA:112,2
DA:113,2
DA:114,8
DA:115,8
DA:116,8
DA:117,8
DA:118,8
DA:119,8
DA:120,8
DA:121,8
DA:122,8
DA:123,8
DA:124,8
DA:125,8
DA:126,2
DA:127,2
DA:128,8
DA:129,8
DA:130,8
DA:131,8
DA:132,8
DA:133,8
DA:134,8
DA:135,8
DA:136,8
DA:137,8
DA:138,7
DA:139,7
DA:140,7
DA:141,8
DA:142,8
DA:143,2
DA:144,2
DA:145,2
DA:146,5
DA:147,5
DA:148,5
DA:149,5
DA:150,5
DA:151,5
DA:152,5
DA:153,0
DA:154,0
DA:155,5
DA:156,5
DA:157,5
DA:158,5
DA:159,2
DA:160,2
DA:161,2
DA:162,2
DA:163,5
DA:164,3
DA:165,3
DA:166,3
DA:167,3
DA:168,3
DA:169,3
DA:170,3
DA:171,3
DA:172,3
DA:173,3
DA:174,5
DA:175,2
DA:176,2
DA:177,2
DA:178,4
DA:179,4
DA:180,4
LF:180
LH:173
BRDA:1,0,0,2
BRDA:16,1,0,5
BRDA:16,2,0,5
BRDA:18,3,0,1
BRDA:22,4,0,4
BRDA:45,5,0,4
BRDA:66,6,0,0
BRDA:33,7,0,8
BRDA:41,8,0,6
BRDA:41,9,0,2
BRDA:48,10,0,8
BRDA:51,11,0,1
BRDA:55,12,0,7
BRDA:59,13,0,5
BRDA:59,14,0,5
BRDA:63,15,0,7
BRDA:80,16,0,19
BRDA:84,17,0,17
BRDA:86,18,0,17
BRDA:93,19,0,4
BRDA:113,20,0,8
BRDA:127,21,0,8
BRDA:127,22,0,8
BRDA:132,23,0,1
BRDA:132,24,0,1
BRDA:133,25,0,1
BRDA:134,26,0,7
BRDA:137,27,0,7
BRDA:131,28,0,4
BRDA:145,29,0,5
BRDA:145,30,0,5
BRDA:152,31,0,0
BRDA:158,32,0,2
BRDA:163,33,0,3
BRDA:177,34,0,4
BRF:35
BRH:33
end_of_record
TN:
SF:src/main/js/util.js
FN:1,tpl
FN:4,get
FN:15,set
FN:31,msgJoin
FN:33,keyByValue
FN:35,memoizeBy
FN:35,getKey
FN:46,camelize
FN:48,asArray
FN:50,getCommonPath
FNF:10
FNH:9
FNDA:175,tpl
FNDA:44,get
FNDA:78,set
FNDA:3,msgJoin
FNDA:0,keyByValue
FNDA:14,memoizeBy
FNDA:51,getKey
FNDA:2,camelize
FNDA:5,asArray
FNDA:8,getCommonPath
DA:1,2
DA:2,175
DA:3,2
DA:4,2
DA:5,44
DA:6,44
DA:7,44
DA:8,44
DA:9,55
DA:10,55
DA:11,44
DA:12,44
DA:13,44
DA:14,2
DA:15,2
DA:16,78
DA:17,78
DA:18,78
DA:19,78
DA:20,81
DA:21,78
DA:22,81
DA:23,3
DA:24,3
DA:25,3
DA:26,81
DA:27,78
DA:28,78
DA:29,78
DA:30,2
DA:31,2
DA:32,2
DA:33,2
DA:34,2
DA:35,2
DA:36,68
DA:37,68
DA:38,43
DA:39,43
DA:40,25
DA:41,25
DA:42,25
DA:43,25
DA:44,68
DA:45,2
DA:46,2
DA:47,2
DA:48,2
DA:49,2
DA:50,2
DA:51,8
DA:52,8
DA:53,8
DA:54,8
DA:55,8
DA:56,8
DA:57,8
DA:58,5
DA:59,5
DA:60,3
DA:61,3
DA:62,8
LF:62
LH:62
BRDA:1,0,0,2
BRDA:1,1,0,175
BRDA:2,2,0,173
BRDA:2,3,0,40
BRDA:2,4,0,2
BRDA:4,5,0,44
BRDA:8,6,0,55
BRDA:8,7,0,55
BRDA:8,8,0,55
BRDA:15,9,0,78
BRDA:19,10,0,81
BRDA:19,11,0,81
BRDA:19,12,0,81
BRDA:20,13,0,78
BRDA:22,14,0,3
BRDA:23,15,0,1
BRDA:31,16,0,3
BRDA:35,17,0,14
BRDA:35,18,0,51
BRDA:35,19,0,68
BRDA:37,20,0,43
BRDA:40,21,0,25
BRDA:46,22,0,2
BRDA:48,23,0,5
BRDA:48,24,0,1
BRDA:48,25,0,4
BRDA:50,26,0,8
BRDA:53,27,0,4
BRDA:54,28,0,4
BRDA:57,29,0,5
BRDA:60,30,0,3
BRDA:54,31,0,30
BRDA:54,32,0,60
BRF:33
BRH:33
end_of_record
TN:
SF:src/test/js/test-utils.js
FN:7,createNpmRegistry
FN:12,start
FN:22,stop
FN:29,createFakeRepo
FN:43,addCommits
FNF:5
FNH:5
FNDA:1,createNpmRegistry
FNDA:1,start
FNDA:1,stop
FNDA:3,createFakeRepo
FNDA:5,addCommits
DA:1,1
DA:2,1
DA:3,1
DA:4,1
DA:5,1
DA:6,1
DA:7,1
DA:8,1
DA:9,1
DA:10,1
DA:11,1
DA:12,1
DA:13,1
DA:14,1
DA:15,1
DA:16,1
DA:17,1
DA:18,1
DA:19,1
DA:20,1
DA:21,1
DA:22,1
DA:23,1
DA:24,1
DA:25,1
DA:26,1
DA:27,1
DA:28,1
DA:29,1
DA:30,3
DA:31,3
DA:32,3
DA:33,3
DA:34,3
DA:35,3
DA:36,3
DA:37,3
DA:38,3
DA:39,3
DA:40,3
DA:41,3
DA:42,1
DA:43,1
DA:44,5
DA:45,5
DA:46,5
DA:47,23
DA:48,23
DA:49,23
DA:50,31
DA:51,31
DA:52,31
DA:53,31
DA:54,31
DA:55,31
DA:56,23
DA:57,23
DA:58,23
DA:59,23
DA:60,5
DA:61,5
DA:62,23
DA:63,5
LF:63
LH:63
BRDA:1,0,0,1
BRDA:7,1,0,1
BRDA:12,2,0,1
BRDA:15,3,0,1
BRDA:22,4,0,1
BRDA:29,5,0,3
BRDA:30,6,0,3
BRDA:43,7,0,5
BRDA:43,8,0,5
BRDA:46,9,0,23
BRDA:49,10,0,31
BRDA:50,11,0,22
BRDA:50,12,0,9
BRDA:59,13,0,5
BRF:14
BRH:14
end_of_record
