TN:
SF:src/main/js/cli.js
FNF:0
FNH:0
DA:1,1
DA:2,1
DA:3,1
DA:4,1
DA:5,1
DA:6,1
DA:7,1
LF:7
LH:7
BRDA:1,0,0,1
BRF:1
BRH:1
end_of_record
TN:
SF:src/main/js/config.js
FN:27,getPkgConfig
FN:37,normalizePkgConfig
FN:43,get ghBasicAuth
FN:49,normalizeMetaConfig
FN:56,parseEnv
FN:68,normalizeFlags
FNF:6
FNH:6
FNDA:8,getPkgConfig
FNDA:8,normalizePkgConfig
FNDA:36,get ghBasicAuth
FNDA:8,normalizeMetaConfig
FNDA:10,parseEnv
FNDA:1,normalizeFlags
DA:1,2
DA:2,2
DA:3,2
DA:4,2
DA:5,2
DA:6,2
DA:7,2
DA:8,2
DA:9,2
DA:10,2
DA:11,2
DA:12,2
DA:13,2
DA:14,2
DA:15,2
DA:16,2
DA:17,2
DA:18,2
DA:19,2
DA:20,2
DA:21,2
DA:22,2
DA:23,2
DA:24,2
DA:25,2
DA:26,2
DA:27,2
DA:28,8
DA:29,2
DA:30,2
DA:31,3
DA:32,3
DA:33,3
DA:34,3
DA:35,2
DA:36,2
DA:37,2
DA:38,8
DA:39,8
DA:40,8
DA:41,8
DA:42,8
DA:43,8
DA:44,36
DA:45,8
DA:46,8
DA:47,8
DA:48,2
DA:49,2
DA:50,8
DA:51,8
DA:52,8
DA:53,8
DA:54,8
DA:55,2
DA:56,2
DA:57,10
DA:58,10
DA:59,10
DA:60,10
DA:61,10
DA:62,10
DA:63,10
DA:64,10
DA:65,10
DA:66,10
DA:67,2
DA:68,2
LF:68
LH:68
BRDA:1,0,0,2
BRDA:27,1,0,8
BRDA:28,2,0,0
BRDA:30,3,0,3
BRDA:35,4,0,3
BRDA:35,5,0,2
BRDA:37,6,0,8
BRDA:41,7,0,0
BRDA:42,8,0,0
BRDA:43,9,0,36
BRDA:44,10,0,0
BRDA:44,11,0,0
BRDA:49,12,0,8
BRDA:51,13,0,0
BRDA:53,14,0,0
BRDA:56,15,0,10
BRDA:63,16,0,0
BRDA:68,17,0,1
BRDA:68,18,0,2
BRF:19
BRH:11
end_of_record
TN:
SF:src/main/js/index.js
FNF:0
FNH:0
DA:1,2
DA:2,2
DA:3,2
DA:4,2
DA:5,2
DA:6,2
DA:7,2
LF:7
LH:7
BRDA:1,0,0,2
BRF:1
BRH:1
end_of_record
TN:
SF:src/main/js/log.js
FN:4,log
FN:9,createReport
FN:26,get
FN:32,set
FN:40,setStatus
FN:45,getStatus
FN:48,log
FN:59,save
FNF:8
FNH:6
FNDA:76,log
FNDA:4,createReport
FNDA:0,get
FNDA:83,set
FNDA:43,setStatus
FNDA:0,getStatus
FNDA:90,log
FNDA:43,save
DA:1,2
DA:2,2
DA:3,2
DA:4,2
DA:5,76
DA:6,76
DA:7,76
DA:8,2
DA:9,2
DA:10,4
DA:11,4
DA:12,4
DA:13,4
DA:14,4
DA:15,4
DA:16,4
DA:17,8
DA:18,8
DA:19,8
DA:20,8
DA:21,8
DA:22,8
DA:23,8
DA:24,8
DA:25,4
DA:26,4
DA:27,0
DA:28,0
DA:29,0
DA:30,0
DA:31,4
DA:32,4
DA:33,83
DA:34,83
DA:35,83
DA:36,83
DA:37,83
DA:38,83
DA:39,4
DA:40,4
DA:41,43
DA:42,43
DA:43,43
DA:44,4
DA:45,4
DA:46,0
DA:47,4
DA:48,4
DA:49,90
DA:50,90
DA:51,90
DA:52,90
DA:53,90
DA:54,90
DA:55,90
DA:56,90
DA:57,90
DA:58,4
DA:59,4
DA:60,43
DA:61,43
DA:62,43
DA:63,4
LF:63
LH:58
BRDA:1,0,0,2
BRDA:4,1,0,76
BRDA:6,2,0,74
BRDA:7,3,0,2
BRDA:9,4,0,4
BRDA:12,5,0,3
BRDA:16,6,0,8
BRDA:32,7,0,83
BRDA:34,8,0,75
BRDA:34,9,0,8
BRDA:40,10,0,43
BRDA:48,11,0,90
BRDA:49,12,0,90
BRDA:50,13,0,70
BRDA:50,14,0,20
BRDA:50,15,0,17
BRDA:51,16,0,170
BRDA:51,17,0,150
BRDA:51,18,0,20
BRDA:59,19,0,43
BRDA:60,20,0,10
BRF:21
BRH:21
end_of_record
TN:
SF:src/main/js/util.js
FN:7,tpl
FN:10,get
FN:21,set
FN:37,msgJoin
FN:39,keyByValue
FN:41,memoizeBy
FN:41,getKey
FN:52,camelize
FN:54,asArray
FN:56,getCommonPath
FN:70,safePath
FN:73,unzip
FN:119,pipify
FNF:13
FNH:12
FNDA:174,tpl
FNDA:44,get
FNDA:85,set
FNDA:3,msgJoin
FNDA:0,keyByValue
FNDA:18,memoizeBy
FNDA:80,getKey
FNDA:2,camelize
FNDA:5,asArray
FNDA:8,getCommonPath
FNDA:8,safePath
FNDA:2,unzip
FNDA:2,pipify
DA:1,2
DA:2,2
DA:3,2
DA:4,2
DA:5,2
DA:6,2
DA:7,2
DA:8,174
DA:9,2
DA:10,2
DA:11,44
DA:12,44
DA:13,44
DA:14,44
DA:15,55
DA:16,55
DA:17,44
DA:18,44
DA:19,44
DA:20,2
DA:21,2
DA:22,85
DA:23,85
DA:24,85
DA:25,85
DA:26,88
DA:27,85
DA:28,88
DA:29,3
DA:30,3
DA:31,3
DA:32,88
DA:33,85
DA:34,85
DA:35,85
DA:36,2
DA:37,2
DA:38,2
DA:39,2
DA:40,2
DA:41,2
DA:42,103
DA:43,103
DA:44,68
DA:45,68
DA:46,35
DA:47,35
DA:48,35
DA:49,35
DA:50,103
DA:51,2
DA:52,2
DA:53,2
DA:54,2
DA:55,2
DA:56,2
DA:57,8
DA:58,8
DA:59,8
DA:60,8
DA:61,8
DA:62,8
DA:63,8
DA:64,5
DA:65,5
DA:66,3
DA:67,3
DA:68,8
DA:69,2
DA:70,2
DA:71,2
DA:72,2
DA:73,2
DA:74,2
DA:75,2
DA:76,2
DA:77,2
DA:78,8
DA:79,8
DA:80,8
DA:81,8
DA:82,8
DA:83,8
DA:84,0
DA:85,0
DA:86,8
DA:87,2
DA:88,2
DA:89,8
DA:90,0
DA:91,0
DA:92,6
DA:93,6
DA:94,8
DA:95,8
DA:96,8
DA:97,8
DA:98,6
DA:99,6
DA:100,6
DA:101,6
DA:102,6
DA:103,8
DA:104,8
DA:105,8
DA:106,8
DA:107,2
DA:108,2
DA:109,2
DA:110,2
DA:111,2
DA:112,2
DA:113,2
DA:114,2
DA:115,2
DA:116,2
DA:117,2
DA:118,2
DA:119,2
LF:119
LH:115
BRDA:1,0,0,2
BRDA:7,1,0,174
BRDA:8,2,0,172
BRDA:8,3,0,40
BRDA:8,4,0,2
BRDA:10,5,0,44
BRDA:14,6,0,55
BRDA:14,7,0,55
BRDA:14,8,0,55
BRDA:21,9,0,85
BRDA:25,10,0,88
BRDA:25,11,0,88
BRDA:25,12,0,88
BRDA:26,13,0,85
BRDA:28,14,0,3
BRDA:29,15,0,1
BRDA:37,16,0,3
BRDA:41,17,0,18
BRDA:41,18,0,80
BRDA:41,19,0,103
BRDA:43,20,0,68
BRDA:46,21,0,35
BRDA:52,22,0,2
BRDA:54,23,0,5
BRDA:54,24,0,1
BRDA:54,25,0,4
BRDA:56,26,0,8
BRDA:59,27,0,4
BRDA:60,28,0,4
BRDA:63,29,0,5
BRDA:66,30,0,3
BRDA:60,31,0,30
BRDA:60,32,0,60
BRDA:70,33,0,8
BRDA:73,34,0,2
BRDA:73,35,0,2
BRDA:77,36,0,8
BRDA:78,37,0,0
BRDA:82,38,0,8
BRDA:83,39,0,0
BRDA:86,40,0,2
BRDA:89,41,0,6
BRDA:89,42,0,0
BRDA:89,43,0,0
BRDA:92,44,0,6
BRDA:96,45,0,8
BRDA:97,46,0,6
BRDA:100,47,0,6
BRDA:109,48,0,2
BRDA:119,49,0,2
BRDA:119,50,0,0
BRF:51
BRH:46
end_of_record
TN:
SF:src/main/js/api/changelog.js
FN:24,formatReleaseNotes
FNF:1
FNH:1
FNDA:1,formatReleaseNotes
DA:1,2
DA:2,2
DA:3,2
DA:4,2
DA:5,2
DA:6,2
DA:7,2
DA:8,2
DA:9,3
DA:10,3
DA:11,1
DA:12,1
DA:13,1
DA:14,1
DA:15,3
DA:16,3
DA:17,1
DA:18,1
DA:19,1
DA:20,1
DA:21,1
DA:22,2
DA:23,2
DA:24,2
DA:25,1
DA:26,1
DA:27,1
DA:28,1
DA:29,1
DA:30,1
DA:31,1
DA:32,1
DA:33,1
DA:34,1
DA:35,1
DA:36,1
DA:37,1
DA:38,1
DA:39,1
DA:40,1
DA:41,1
DA:42,1
LF:42
LH:42
BRDA:1,0,0,2
BRDA:8,1,0,3
BRDA:10,2,0,2
BRDA:11,3,0,1
BRDA:15,4,0,0
BRDA:17,5,0,1
BRDA:24,6,0,1
BRDA:29,7,0,1
BRDA:31,8,0,0
BRDA:37,9,0,1
BRF:10
BRH:8
end_of_record
TN:
SF:src/main/js/api/gh.js
FN:10,ghRelease
FN:73,ghPrepareAssets
FN:106,ghUploadAssets
FN:125,ghGetAsset
FNF:4
FNH:3
FNDA:3,ghRelease
FNDA:1,ghPrepareAssets
FNDA:0,ghUploadAssets
FNDA:6,ghGetAsset
DA:1,2
DA:2,2
DA:3,2
DA:4,2
DA:5,2
DA:6,2
DA:7,2
DA:8,2
DA:9,2
DA:10,2
DA:11,3
DA:12,3
DA:13,0
DA:14,0
DA:15,0
DA:16,0
DA:17,0
DA:18,0
DA:19,0
DA:20,0
DA:21,0
DA:22,0
DA:23,0
DA:24,0
DA:25,0
DA:26,0
DA:27,0
DA:28,0
DA:29,0
DA:30,0
DA:31,0
DA:32,0
DA:33,0
DA:34,0
DA:35,0
DA:36,0
DA:37,0
DA:38,0
DA:39,0
DA:40,3
DA:41,0
DA:42,0
DA:43,0
DA:44,0
DA:45,0
DA:46,0
DA:47,3
DA:48,2
DA:49,2
DA:50,3
DA:51,3
DA:52,2
DA:53,2
DA:54,2
DA:55,3
DA:56,3
DA:57,3
DA:58,3
DA:59,3
DA:60,3
DA:61,3
DA:62,3
DA:63,3
DA:64,3
DA:65,3
DA:66,3
DA:67,3
DA:68,3
DA:69,3
DA:70,2
DA:71,2
DA:72,2
DA:73,2
DA:74,1
DA:75,1
DA:76,1
DA:77,6
DA:78,6
DA:79,6
DA:80,1
DA:81,1
DA:82,1
DA:83,5
DA:84,5
DA:85,6
DA:86,2
DA:87,2
DA:88,5
DA:89,5
DA:90,6
DA:91,0
DA:92,0
DA:93,5
DA:94,6
DA:95,2
DA:96,2
DA:97,2
DA:98,3
DA:99,3
DA:100,6
DA:101,1
DA:102,1
DA:103,1
DA:104,1
DA:105,2
DA:106,2
DA:107,0
DA:108,0
DA:109,0
DA:110,0
DA:111,0
DA:112,0
DA:113,0
DA:114,0
DA:115,0
DA:116,0
DA:117,0
DA:118,0
DA:119,0
DA:120,0
DA:121,0
DA:122,0
DA:123,0
DA:124,2
DA:125,2
DA:126,6
DA:127,6
DA:128,6
DA:129,6
DA:130,6
DA:131,6
LF:131
LH:79
BRDA:1,0,0,2
BRDA:10,1,0,3
BRDA:13,2,0,0
BRDA:40,3,0,0
BRDA:49,4,0,3
BRDA:51,5,0,1
BRDA:52,6,0,2
BRDA:55,7,0,0
BRDA:70,8,0,2
BRDA:73,9,0,1
BRDA:76,10,0,6
BRDA:79,11,0,1
BRDA:83,12,0,5
BRDA:85,13,0,2
BRDA:88,14,0,5
BRDA:90,15,0,0
BRDA:93,16,0,5
BRDA:94,17,0,2
BRDA:94,18,0,2
BRDA:98,19,0,3
BRDA:100,20,0,0
BRDA:85,21,0,5
BRDA:100,22,0,5
BRDA:125,23,0,6
BRF:24
BRH:19
end_of_record
TN:
SF:src/main/js/api/git.js
FN:5,async.cwd.cwd
FN:20,pushCommit
FN:58,getSha
FN:62,parseOrigin
FN:89,getCommits
FN:105,getTags
FN:110,pushTag
FN:124,unsetUserConfig
FNF:8
FNH:8
FNDA:3,async.cwd.cwd
FNDA:6,pushCommit
FNDA:8,getSha
FNDA:1,parseOrigin
FNDA:10,getCommits
FNDA:11,getTags
FNDA:3,pushTag
FNDA:4,unsetUserConfig
DA:1,2
DA:2,2
DA:3,2
DA:4,2
DA:5,2
DA:6,3
DA:7,3
DA:8,3
DA:9,3
DA:10,3
DA:11,3
DA:12,3
DA:13,3
DA:14,3
DA:15,3
DA:16,3
DA:17,3
DA:18,2
DA:19,2
DA:20,2
DA:21,6
DA:22,6
DA:23,6
DA:24,6
DA:25,6
DA:26,6
DA:27,3
DA:28,3
DA:29,3
DA:30,6
DA:31,6
DA:32,6
DA:33,6
DA:34,6
DA:35,6
DA:36,6
DA:37,1
DA:38,1
DA:39,1
DA:40,5
DA:41,5
DA:42,5
DA:43,5
DA:44,5
DA:45,0
DA:46,0
DA:47,0
DA:48,0
DA:49,0
DA:50,0
DA:51,0
DA:52,0
DA:53,0
DA:54,0
DA:55,5
DA:56,6
DA:57,2
DA:58,2
DA:59,2
DA:60,2
DA:61,2
DA:62,2
DA:63,1
DA:64,1
DA:65,1
DA:66,1
DA:67,2
DA:68,2
DA:69,1
DA:70,1
DA:71,1
DA:72,1
DA:73,1
DA:74,1
DA:75,1
DA:76,1
DA:77,1
DA:78,1
DA:79,1
DA:80,1
DA:81,1
DA:82,1
DA:83,2
DA:84,2
DA:85,2
DA:86,1
DA:87,2
DA:88,2
DA:89,2
DA:90,10
DA:91,10
DA:92,10
DA:93,2
DA:94,2
DA:95,10
DA:96,10
DA:97,10
DA:98,10
DA:99,10
DA:100,13
DA:101,13
DA:102,10
DA:103,10
DA:104,2
DA:105,2
DA:106,11
DA:107,11
DA:108,11
DA:109,2
DA:110,2
DA:111,3
DA:112,3
DA:113,3
DA:114,3
DA:115,3
DA:116,2
DA:117,2
DA:118,2
DA:119,2
DA:120,4
DA:121,4
DA:122,2
DA:123,2
DA:124,2
DA:125,4
DA:126,4
LF:126
LH:116
BRDA:1,0,0,2
BRDA:5,1,0,3
BRDA:5,2,0,3
BRDA:11,3,0,0
BRDA:18,4,0,13
BRDA:20,5,0,6
BRDA:20,6,0,6
BRDA:26,7,0,3
BRDA:27,8,0,0
BRDA:30,9,0,2
BRDA:36,10,0,5
BRDA:36,11,0,1
BRDA:40,12,0,5
BRDA:44,13,0,0
BRDA:58,14,0,8
BRDA:60,15,0,3
BRDA:62,16,0,1
BRDA:68,17,0,1
BRDA:72,18,0,0
BRDA:72,19,0,0
BRDA:73,20,0,0
BRDA:85,21,0,1
BRDA:86,22,0,1
BRDA:89,23,0,10
BRDA:89,24,0,10
BRDA:92,25,0,2
BRDA:99,26,0,13
BRDA:100,27,0,52
BRDA:105,28,0,11
BRDA:110,29,0,3
BRDA:119,30,0,4
BRDA:124,31,0,4
BRF:32
BRH:26
end_of_record
TN:
SF:src/main/js/api/npm.js
FN:7,fetchPkg
FN:38,fetchManifest
FN:55,npmPersist
FN:61,npmRestore
FN:67,npmPublish
FN:80,getNpmrc
FN:92,getTarballUrl
FN:94,getManifestUrl
FN:96,getBearerToken
FN:104,getAuthToken
FNF:10
FNH:9
FNDA:2,fetchPkg
FNDA:10,fetchManifest
FNDA:5,npmPersist
FNDA:7,npmRestore
FNDA:5,npmPublish
FNDA:5,getNpmrc
FNDA:2,getTarballUrl
FNDA:10,getManifestUrl
FNDA:12,getBearerToken
FNDA:0,getAuthToken
DA:1,2
DA:2,2
DA:3,2
DA:4,2
DA:5,2
DA:6,2
DA:7,2
DA:8,2
DA:9,2
DA:10,2
DA:11,2
DA:12,2
DA:13,2
DA:14,2
DA:15,2
DA:16,2
DA:17,2
DA:18,2
DA:19,2
DA:20,2
DA:21,2
DA:22,2
DA:23,2
DA:24,2
DA:25,2
DA:26,2
DA:27,2
DA:28,2
DA:29,2
DA:30,2
DA:31,2
DA:32,2
DA:33,2
DA:34,0
DA:35,0
DA:36,2
DA:37,2
DA:38,2
DA:39,10
DA:40,10
DA:41,10
DA:42,10
DA:43,10
DA:44,10
DA:45,10
DA:46,10
DA:47,5
DA:48,5
DA:49,5
DA:50,5
DA:51,0
DA:52,0
DA:53,10
DA:54,2
DA:55,2
DA:56,5
DA:57,5
DA:58,5
DA:59,5
DA:60,2
DA:61,2
DA:62,7
DA:63,7
DA:64,7
DA:65,7
DA:66,2
DA:67,2
DA:68,5
DA:69,5
DA:70,5
DA:71,5
DA:72,5
DA:73,5
DA:74,5
DA:75,5
DA:76,5
DA:77,5
DA:78,5
DA:79,2
DA:80,2
DA:81,5
DA:82,0
DA:83,0
DA:84,5
DA:85,5
DA:86,5
DA:87,5
DA:88,5
DA:89,5
DA:90,2
DA:91,2
DA:92,2
DA:93,2
DA:94,2
DA:95,2
DA:96,2
DA:97,12
DA:98,12
DA:99,12
DA:100,12
DA:101,12
DA:102,2
DA:103,2
DA:104,2
DA:105,0
LF:105
LH:98
BRDA:1,0,0,2
BRDA:7,1,0,2
BRDA:16,2,0,1
BRDA:16,3,0,1
BRDA:33,4,0,0
BRDA:38,5,0,10
BRDA:41,6,0,8
BRDA:42,7,0,8
BRDA:42,8,0,2
BRDA:46,9,0,8
BRDA:46,10,0,3
BRDA:47,11,0,5
BRDA:51,12,0,0
BRDA:55,13,0,5
BRDA:61,14,0,7
BRDA:67,15,0,5
BRDA:70,16,0,0
BRDA:74,17,0,2
BRDA:74,18,0,3
BRDA:77,19,0,0
BRDA:80,20,0,5
BRDA:81,21,0,0
BRDA:92,22,0,2
BRDA:94,23,0,10
BRDA:96,24,0,12
BRDA:98,25,0,0
BRDA:100,26,0,9
BRDA:100,27,0,3
BRF:28
BRH:22
end_of_record
TN:
SF:src/main/js/processor/deps.js
FN:6,updateDeps
FN:10,cb
FN:31,resolveNextVersion
FN:42,subsWorkspace
FN:54,topo
FN:61,depFilter
FN:62,pkgFilter
FNF:7
FNH:7
FNDA:8,updateDeps
FNDA:4,cb
FNDA:19,resolveNextVersion
FNDA:19,subsWorkspace
FNDA:6,topo
FNDA:3,depFilter
FNDA:16,pkgFilter
DA:1,2
DA:2,2
DA:3,2
DA:4,2
DA:5,2
DA:6,2
DA:7,8
DA:8,8
DA:9,8
DA:10,8
DA:11,4
DA:12,4
DA:13,4
DA:14,4
DA:15,4
DA:16,4
DA:17,4
DA:18,4
DA:19,4
DA:20,3
DA:21,3
DA:22,3
DA:23,3
DA:24,3
DA:25,3
DA:26,8
DA:27,8
DA:28,8
DA:29,8
DA:30,2
DA:31,2
DA:32,19
DA:33,18
DA:34,18
DA:35,18
DA:36,18
DA:37,19
DA:38,14
DA:39,19
DA:40,19
DA:41,2
DA:42,2
DA:43,19
DA:44,12
DA:45,12
DA:46,12
DA:47,12
DA:48,12
DA:49,12
DA:50,7
DA:51,7
DA:52,19
DA:53,2
DA:54,2
DA:55,6
DA:56,6
DA:57,6
DA:58,5
DA:59,5
DA:60,6
DA:61,6
DA:62,6
DA:63,16
DA:64,6
DA:65,6
DA:66,6
LF:66
LH:66
BRDA:1,0,0,2
BRDA:6,1,0,8
BRDA:10,2,0,4
BRDA:11,3,0,2
BRDA:14,4,0,3
BRDA:14,5,0,1
BRDA:19,6,0,1
BRDA:20,7,0,3
BRDA:31,8,0,19
BRDA:32,9,0,1
BRDA:33,10,0,18
BRDA:37,11,0,4
BRDA:37,12,0,1
BRDA:37,13,0,3
BRDA:38,14,0,14
BRDA:39,15,0,4
BRDA:39,16,0,10
BRDA:42,17,0,19
BRDA:43,18,0,12
BRDA:47,19,0,9
BRDA:47,20,0,2
BRDA:47,21,0,7
BRDA:48,22,0,3
BRDA:50,23,0,7
BRDA:54,24,0,6
BRDA:56,25,0,1
BRDA:57,26,0,5
BRDA:58,27,0,0
BRDA:61,28,0,3
BRDA:61,29,0,3
BRDA:56,30,0,2
BRDA:61,31,0,3
BRDA:62,32,0,16
BRDA:63,33,0,14
BRF:34
BRH:33
end_of_record
TN:
SF:src/main/js/processor/exec.js
FN:5,exec
FN:11,quote
FNF:2
FNH:2
FNDA:19,exec
FNDA:17,quote
DA:1,2
DA:2,2
DA:3,2
DA:4,2
DA:5,2
DA:6,19
DA:7,19
DA:8,19
DA:9,19
DA:10,17
DA:11,17
DA:12,17
DA:13,17
DA:14,17
DA:15,17
DA:16,19
LF:16
LH:16
BRDA:1,0,0,2
BRDA:5,1,0,19
BRDA:9,2,0,17
BRDA:11,3,0,17
BRF:4
BRH:4
end_of_record
TN:
SF:src/main/js/processor/meta.js
FN:11,pushReleaseTag
FN:21,prepareMeta
FN:66,getLatest
FN:77,isSafeName
FN:81,parse
FN:95,format
FN:107,parse
FN:121,format
FN:134,parse
FN:142,format
FN:151,parse
FN:167,format
FN:181,getFormatter
FN:184,parse
FN:185,format
FN:196,parseTag
FN:198,formatTag
FN:200,getTags
FN:206,getLatestTag
FN:209,getLatestTaggedVersion
FN:212,formatDateTag
FN:214,parseDateTag
FN:216,getArtifactPath
FN:218,getLatestMeta
FNF:24
FNH:23
FNDA:3,pushReleaseTag
FNDA:5,prepareMeta
FNDA:8,getLatest
FNDA:15,isSafeName
FNDA:38,parse
FNDA:12,format
FNDA:11,parse
FNDA:1,format
FNDA:7,parse
FNDA:1,format
FNDA:6,parse
FNDA:3,format
FNDA:17,getFormatter
FNDA:0,parse
FNDA:9,format
FNDA:38,parseTag
FNDA:17,formatTag
FNDA:11,getTags
FNDA:10,getLatestTag
FNDA:2,getLatestTaggedVersion
FNDA:13,formatDateTag
FNDA:31,parseDateTag
FNDA:9,getArtifactPath
FNDA:8,getLatestMeta
DA:1,2
DA:2,2
DA:3,2
DA:4,2
DA:5,2
DA:6,2
DA:7,2
DA:8,2
DA:9,2
DA:10,2
DA:11,2
DA:12,3
DA:13,3
DA:14,3
DA:15,3
DA:16,3
DA:17,3
DA:18,3
DA:19,3
DA:20,2
DA:21,2
DA:22,5
DA:23,5
DA:24,5
DA:25,5
DA:26,5
DA:27,5
DA:28,5
DA:29,5
DA:30,5
DA:31,5
DA:32,5
DA:33,5
DA:34,5
DA:35,2
DA:36,2
DA:37,3
DA:38,3
DA:39,3
DA:40,0
DA:41,0
DA:42,3
DA:43,3
DA:44,0
DA:45,0
DA:46,3
DA:47,3
DA:48,0
DA:49,0
DA:50,0
DA:51,0
DA:52,0
DA:53,0
DA:54,3
DA:55,3
DA:56,3
DA:57,3
DA:58,3
DA:59,3
DA:60,3
DA:61,3
DA:62,3
DA:63,3
DA:64,2
DA:65,2
DA:66,2
DA:67,8
DA:68,8
DA:69,8
DA:70,8
DA:71,8
DA:72,8
DA:73,8
DA:74,8
DA:75,8
DA:76,2
DA:77,2
DA:78,2
DA:79,2
DA:80,2
DA:81,2
DA:82,38
DA:83,29
DA:84,29
DA:85,38
DA:86,38
DA:87,38
DA:88,38
DA:89,27
DA:90,27
DA:91,38
DA:92,38
DA:93,38
DA:94,2
DA:95,2
DA:96,12
DA:97,12
DA:98,12
DA:99,12
DA:100,12
DA:101,12
DA:102,12
DA:103,2
DA:104,2
DA:105,2
DA:106,2
DA:107,2
DA:108,11
DA:109,4
DA:110,4
DA:111,11
DA:112,11
DA:113,11
DA:114,11
DA:115,4
DA:116,4
DA:117,4
DA:118,4
DA:119,4
DA:120,2
DA:121,2
DA:122,1
DA:123,1
DA:124,1
DA:125,1
DA:126,1
DA:127,1
DA:128,1
DA:129,1
DA:130,2
DA:131,2
DA:132,2
DA:133,2
DA:134,2
DA:135,7
DA:136,7
DA:137,7
DA:138,7
DA:139,1
DA:140,1
DA:141,2
DA:142,2
DA:143,1
DA:144,1
DA:145,1
DA:146,1
DA:147,2
DA:148,2
DA:149,2
DA:150,2
DA:151,2
DA:152,6
DA:153,2
DA:154,2
DA:155,6
DA:156,6
DA:157,6
DA:158,1
DA:159,1
DA:160,3
DA:161,3
DA:162,6
DA:163,6
DA:164,6
DA:165,6
DA:166,2
DA:167,2
DA:168,3
DA:169,3
DA:170,0
DA:171,0
DA:172,3
DA:173,3
DA:174,3
DA:175,3
DA:176,3
DA:177,3
DA:178,3
DA:179,2
DA:180,2
DA:181,2
DA:182,17
DA:183,9
DA:184,9
DA:185,9
DA:186,9
DA:187,9
DA:188,8
DA:189,17
DA:190,0
DA:191,0
DA:192,8
DA:193,8
DA:194,17
DA:195,2
DA:196,2
DA:197,2
DA:198,2
DA:199,2
DA:200,2
DA:201,11
DA:202,11
DA:203,11
DA:204,11
DA:205,2
DA:206,2
DA:207,10
DA:208,2
DA:209,2
DA:210,2
DA:211,2
DA:212,2
DA:213,2
DA:214,2
DA:215,2
DA:216,2
DA:217,2
DA:218,2
DA:219,8
DA:220,6
DA:221,6
DA:222,6
DA:223,6
DA:224,6
DA:225,6
DA:226,6
DA:227,6
DA:228,6
DA:229,6
DA:230,6
DA:231,6
DA:232,6
DA:233,6
DA:234,6
DA:235,8
DA:236,8
DA:237,8
LF:237
LH:223
BRDA:1,0,0,2
BRDA:11,1,0,3
BRDA:21,2,0,5
BRDA:36,3,0,3
BRDA:39,4,0,0
BRDA:43,5,0,0
BRDA:47,6,0,0
BRDA:66,7,0,8
BRDA:77,8,0,15
BRDA:81,9,0,38
BRDA:82,10,0,9
BRDA:83,11,0,29
BRDA:85,12,0,1
BRDA:88,13,0,2
BRDA:89,14,0,27
BRDA:91,15,0,1
BRDA:91,16,0,26
BRDA:95,17,0,12
BRDA:96,18,0,0
BRDA:107,19,0,11
BRDA:108,20,0,7
BRDA:109,21,0,4
BRDA:111,22,0,0
BRDA:114,23,0,0
BRDA:115,24,0,4
BRDA:121,25,0,1
BRDA:122,26,0,0
BRDA:134,27,0,7
BRDA:136,28,0,6
BRDA:138,29,0,6
BRDA:139,30,0,1
BRDA:142,31,0,1
BRDA:143,32,0,0
BRDA:151,33,0,6
BRDA:152,34,0,4
BRDA:152,35,0,2
BRDA:155,36,0,4
BRDA:155,37,0,0
BRDA:157,38,0,4
BRDA:157,39,0,1
BRDA:160,40,0,3
BRDA:162,41,0,2
BRDA:162,42,0,1
BRDA:162,43,0,2
BRDA:163,44,0,2
BRDA:163,45,0,1
BRDA:167,46,0,3
BRDA:169,47,0,0
BRDA:173,48,0,2
BRDA:173,49,0,1
BRDA:175,50,0,0
BRDA:181,51,0,17
BRDA:182,52,0,9
BRDA:188,53,0,8
BRDA:189,54,0,0
BRDA:192,55,0,8
BRDA:185,56,0,9
BRDA:188,57,0,18
BRDA:196,58,0,38
BRDA:196,59,0,11
BRDA:196,60,0,7
BRDA:196,61,0,6
BRDA:196,62,0,3
BRDA:198,63,0,17
BRDA:198,64,0,9
BRDA:198,65,0,0
BRDA:198,66,0,0
BRDA:200,67,0,11
BRDA:202,68,0,27
BRDA:204,69,0,22
BRDA:206,70,0,10
BRDA:207,71,0,14
BRDA:209,72,0,2
BRDA:210,73,0,0
BRDA:212,74,0,13
BRDA:214,75,0,31
BRDA:216,76,0,9
BRDA:218,77,0,8
BRDA:219,78,0,6
BRF:79
BRH:64
end_of_record
TN:
SF:src/main/js/processor/release.js
FN:15,run
FN:32,cb
FN:47,cb
FN:84,createContext
FNF:4
FNH:4
FNDA:5,run
FNDA:8,cb
FNDA:8,cb
FNDA:4,createContext
DA:1,2
DA:2,2
DA:3,2
DA:4,2
DA:5,2
DA:6,2
DA:7,2
DA:8,2
DA:9,2
DA:10,2
DA:11,2
DA:12,2
DA:13,2
DA:14,2
DA:15,2
DA:16,5
DA:17,5
DA:18,1
DA:19,1
DA:20,1
DA:21,4
DA:22,4
DA:23,4
DA:24,5
DA:25,5
DA:26,5
DA:27,5
DA:28,5
DA:29,5
DA:30,5
DA:31,5
DA:32,5
DA:33,8
DA:34,8
DA:35,8
DA:36,8
DA:37,8
DA:38,8
DA:39,8
DA:40,8
DA:41,8
DA:42,8
DA:43,5
DA:44,4
DA:45,4
DA:46,4
DA:47,4
DA:48,8
DA:49,8
DA:50,8
DA:51,1
DA:52,1
DA:53,1
DA:54,1
DA:55,7
DA:56,7
DA:57,7
DA:58,7
DA:59,7
DA:60,7
DA:61,7
DA:62,7
DA:63,8
DA:64,5
DA:65,5
DA:66,5
DA:67,7
DA:68,7
DA:69,4
DA:70,4
DA:71,0
DA:72,0
DA:73,0
DA:74,0
DA:75,0
DA:76,4
DA:77,4
DA:78,4
DA:79,4
DA:80,4
DA:81,4
DA:82,5
DA:83,2
DA:84,2
DA:85,4
DA:86,4
DA:87,4
DA:88,4
DA:89,4
DA:90,4
DA:91,4
DA:92,4
DA:93,4
DA:94,4
DA:95,4
DA:96,4
DA:97,4
DA:98,4
DA:99,4
DA:100,4
DA:101,4
LF:101
LH:96
BRDA:1,0,0,2
BRDA:15,1,0,5
BRDA:15,2,0,5
BRDA:17,3,0,1
BRDA:21,4,0,4
BRDA:44,5,0,4
BRDA:70,6,0,0
BRDA:32,7,0,8
BRDA:40,8,0,6
BRDA:40,9,0,2
BRDA:47,10,0,8
BRDA:50,11,0,1
BRDA:55,12,0,7
BRDA:63,13,0,5
BRDA:63,14,0,5
BRDA:67,15,0,7
BRDA:84,16,0,4
BRF:17
BRH:16
end_of_record
TN:
SF:src/main/js/steps/analyze.js
FN:7,analyze
FN:43,getSemanticChanges
FN:49,analyzeCommits
FN:71,getNextReleaseType
FN:75,getNextVersion
FN:80,resolvePkgVersion
FNF:6
FNH:6
FNDA:8,analyze
FNDA:8,getSemanticChanges
FNDA:9,analyzeCommits
FNDA:8,getNextReleaseType
FNDA:11,getNextVersion
FNDA:12,resolvePkgVersion
DA:1,2
DA:2,2
DA:3,2
DA:4,2
DA:5,2
DA:6,2
DA:7,2
DA:8,8
DA:9,8
DA:10,8
DA:11,8
DA:12,8
DA:13,8
DA:14,8
DA:15,8
DA:16,8
DA:17,8
DA:18,8
DA:19,8
DA:20,8
DA:21,8
DA:22,8
DA:23,8
DA:24,8
DA:25,8
DA:26,8
DA:27,8
DA:28,8
DA:29,8
DA:30,8
DA:31,8
DA:32,8
DA:33,8
DA:34,8
DA:35,2
DA:36,2
DA:37,2
DA:38,2
DA:39,2
DA:40,2
DA:41,2
DA:42,2
DA:43,2
DA:44,8
DA:45,8
DA:46,8
DA:47,8
DA:48,2
DA:49,2
DA:50,9
DA:51,12
DA:52,36
DA:53,36
DA:54,36
DA:55,36
DA:56,36
DA:57,12
DA:58,12
DA:59,12
DA:60,12
DA:61,12
DA:62,12
DA:63,12
DA:64,12
DA:65,12
DA:66,12
DA:67,12
DA:68,12
DA:69,9
DA:70,2
DA:71,2
DA:72,8
DA:73,8
DA:74,2
DA:75,2
DA:76,11
DA:77,11
DA:78,11
DA:79,2
DA:80,2
DA:81,12
DA:82,12
DA:83,12
LF:83
LH:83
BRDA:1,0,0,2
BRDA:7,1,0,8
BRDA:8,2,0,6
BRDA:12,3,0,2
BRDA:12,4,0,6
BRDA:13,5,0,6
BRDA:13,6,0,2
BRDA:13,7,0,0
BRDA:23,8,0,2
BRDA:25,9,0,7
BRDA:25,10,0,1
BRDA:43,11,0,8
BRDA:49,12,0,9
BRDA:50,13,0,12
BRDA:51,14,0,36
BRDA:52,15,0,24
BRDA:53,16,0,12
BRDA:54,17,0,23
BRDA:54,18,0,25
BRDA:54,19,0,14
BRDA:56,20,0,12
BRDA:71,21,0,8
BRDA:72,22,0,7
BRDA:73,23,0,1
BRDA:72,24,0,18
BRDA:72,25,0,24
BRDA:75,26,0,11
BRDA:77,27,0,7
BRDA:78,28,0,4
BRDA:80,29,0,12
BRDA:82,30,0,11
BRDA:83,31,0,1
BRDA:83,32,0,0
BRF:33
BRH:31
end_of_record
TN:
SF:src/main/js/steps/build.js
FN:11,cb
FNF:1
FNH:1
FNDA:4,cb
DA:1,2
DA:2,2
DA:3,2
DA:4,2
DA:5,2
DA:6,2
DA:7,2
DA:8,8
DA:9,8
DA:10,8
DA:11,8
DA:12,8
DA:13,8
DA:14,8
DA:15,8
DA:16,8
DA:17,8
DA:18,7
DA:19,7
DA:20,7
DA:21,8
DA:22,8
DA:23,2
LF:23
LH:23
BRDA:1,0,0,2
BRDA:7,1,0,8
BRDA:7,2,0,8
BRDA:12,3,0,1
BRDA:12,4,0,1
BRDA:13,5,0,1
BRDA:14,6,0,7
BRDA:17,7,0,7
BRDA:11,8,0,4
BRF:9
BRH:9
end_of_record
TN:
SF:src/main/js/steps/clean.js
FN:4,clean
FNF:1
FNH:1
FNDA:4,clean
DA:1,2
DA:2,2
DA:3,2
DA:4,2
DA:5,4
DA:6,4
DA:7,4
LF:7
LH:7
BRDA:1,0,0,2
BRDA:4,1,0,4
BRDA:6,2,0,8
BRF:3
BRH:3
end_of_record
TN:
SF:src/main/js/steps/contextify.js
FN:7,contextify
FNF:1
FNH:1
FNDA:8,contextify
DA:1,2
DA:2,2
DA:3,2
DA:4,2
DA:5,2
DA:6,2
DA:7,2
DA:8,8
DA:9,8
DA:10,8
DA:11,8
DA:12,8
DA:13,8
DA:14,8
DA:15,8
DA:16,8
DA:17,8
DA:18,8
DA:19,8
LF:19
LH:19
BRDA:1,0,0,2
BRDA:7,1,0,8
BRF:2
BRH:2
end_of_record
TN:
SF:src/main/js/steps/publish.js
FNF:0
FNH:0
DA:1,2
DA:2,2
DA:3,2
DA:4,2
DA:5,2
DA:6,2
DA:7,2
DA:8,2
DA:9,2
DA:10,5
DA:11,5
DA:12,5
DA:13,5
DA:14,5
DA:15,5
DA:16,5
DA:17,0
DA:18,0
DA:19,5
DA:20,5
DA:21,5
DA:22,5
DA:23,5
DA:24,2
DA:25,2
DA:26,2
DA:27,2
DA:28,5
DA:29,3
DA:30,3
DA:31,3
DA:32,3
DA:33,3
DA:34,3
DA:35,3
DA:36,3
DA:37,3
DA:38,3
DA:39,5
DA:40,2
LF:40
LH:38
BRDA:1,0,0,2
BRDA:9,1,0,5
BRDA:9,2,0,5
BRDA:16,3,0,0
BRDA:23,4,0,2
BRDA:28,5,0,3
BRF:6
BRH:5
end_of_record
TN:
SF:src/main/js/steps/test.js
FNF:0
FNH:0
DA:1,2
DA:2,2
DA:3,2
DA:4,2
DA:5,2
DA:6,2
DA:7,7
DA:8,7
DA:9,7
DA:10,7
DA:11,7
DA:12,7
DA:13,7
DA:14,7
DA:15,7
DA:16,2
LF:16
LH:16
BRDA:1,0,0,2
BRDA:6,1,0,7
BRDA:6,2,0,7
BRF:3
BRH:3
end_of_record
TN:
SF:src/test/js/test-utils.js
FN:7,createNpmRegistry
FN:12,start
FN:22,stop
FN:29,createFakeRepo
FN:43,addCommits
FNF:5
FNH:5
FNDA:1,createNpmRegistry
FNDA:1,start
FNDA:1,stop
FNDA:3,createFakeRepo
FNDA:5,addCommits
DA:1,1
DA:2,1
DA:3,1
DA:4,1
DA:5,1
DA:6,1
DA:7,1
DA:8,1
DA:9,1
DA:10,1
DA:11,1
DA:12,1
DA:13,1
DA:14,1
DA:15,1
DA:16,1
DA:17,1
DA:18,1
DA:19,1
DA:20,1
DA:21,1
DA:22,1
DA:23,1
DA:24,1
DA:25,1
DA:26,1
DA:27,1
DA:28,1
DA:29,1
DA:30,3
DA:31,3
DA:32,3
DA:33,3
DA:34,3
DA:35,3
DA:36,3
DA:37,3
DA:38,3
DA:39,3
DA:40,3
DA:41,3
DA:42,1
DA:43,1
DA:44,5
DA:45,5
DA:46,5
DA:47,23
DA:48,23
DA:49,23
DA:50,31
DA:51,31
DA:52,31
DA:53,31
DA:54,31
DA:55,31
DA:56,23
DA:57,23
DA:58,23
DA:59,23
DA:60,5
DA:61,5
DA:62,23
DA:63,5
LF:63
LH:63
BRDA:1,0,0,1
BRDA:7,1,0,1
BRDA:12,2,0,1
BRDA:15,3,0,1
BRDA:22,4,0,1
BRDA:29,5,0,3
BRDA:30,6,0,3
BRDA:43,7,0,5
BRDA:43,8,0,5
BRDA:46,9,0,23
BRDA:49,10,0,31
BRDA:50,11,0,22
BRDA:50,12,0,9
BRDA:59,13,0,5
BRF:14
BRH:14
end_of_record
